#
# There is insufficient memory for the Java Runtime Environment to continue.
# Native memory allocation (malloc) failed to allocate 132176 bytes for Chunk::new
# Possible reasons:
#   The system is out of physical RAM or swap space
#   The process is running with CompressedOops enabled, and the Java Heap may be blocking the growth of the native heap
# Possible solutions:
#   Reduce memory load on the system
#   Increase physical memory or swap space
#   Check if swap backing store is full
#   Decrease Java heap size (-Xmx/-Xms)
#   Decrease number of Java threads
#   Decrease Java thread stack sizes (-Xss)
#   Set larger code cache with -XX:ReservedCodeCacheSize=
#   JVM is running with Zero Based Compressed Oops mode in which the Java heap is
#     placed in the first 32GB address space. The Java Heap base address is the
#     maximum limit for the native heap growth. Please use -XX:HeapBaseMinAddress
#     to set the Java Heap base and to place the Java Heap above 32GB virtual address.
# This output file may be truncated or incomplete.
#
#  Out of Memory Error (arena.cpp:189), pid=18480, tid=7700
#
# JRE version: OpenJDK Runtime Environment (17.0.6) (build 17.0.6+0-b2043.56-9586694)
# Java VM: OpenJDK 64-Bit Server VM (17.0.6+0-b2043.56-9586694, mixed mode, tiered, compressed oops, compressed class ptrs, g1 gc, windows-amd64)
# No core dump will be written. Minidumps are not enabled by default on client versions of Windows
#

---------------  S U M M A R Y ------------

Command Line: -Dorg.gradle.appname=gradlew org.gradle.wrapper.GradleWrapperMain -q -Ptarget-platform=android-arm64 -Ptarget=D:\upwork clients\provider_flutter\provider_flutter\lib\main.dart -Pbase-application-name=android.app.Application -Pdart-defines=Zmx1dHRlci5pbnNwZWN0b3Iuc3RydWN0dXJlZEVycm9ycz10cnVl,RkxVVFRFUl9XRUJfQVVUT19ERVRFQ1Q9dHJ1ZQ==,RkxVVFRFUl9XRUJfQ0FOVkFTS0lUX1VSTD1odHRwczovL3d3dy5nc3RhdGljLmNvbS9mbHV0dGVyLWNhbnZhc2tpdC80NWY2ZTAwOTExMGRmNGYzNGVjMmNmOTlmNjNjZjczYjcxYjdhNDIwLw== -Pdart-obfuscation=false -Ptrack-widget-creation=true -Ptree-shake-icons=false -Pfilesystem-scheme=org-dartlang-root assembleDebug

Host: Intel(R) Core(TM) i5-7440HQ CPU @ 2.80GHz, 4 cores, 15G,  Windows 10 , 64 bit Build 19041 (10.0.19041.3570)
Time: Mon Nov  6 19:38:48 2023 Pakistan Standard Time elapsed time: 2.983634 seconds (0d 0h 0m 2s)

---------------  T H R E A D  ---------------

Current thread (0x000002180087cb90):  JavaThread "C2 CompilerThread0" daemon [_thread_in_native, id=7700, stack(0x0000008e13c00000,0x0000008e13d00000)]


Current CompileTask:
C2:   2983 1228 %     4       java.io.WinNTFileSystem::normalize @ 22 (143 bytes)

Stack: [0x0000008e13c00000,0x0000008e13d00000]
Native frames: (J=compiled Java code, j=interpreted, Vv=VM code, C=native code)
V  [jvm.dll+0x683b4a]
V  [jvm.dll+0x842654]
V  [jvm.dll+0x843dfe]
V  [jvm.dll+0x844463]
V  [jvm.dll+0x249b75]
V  [jvm.dll+0xabcac]
V  [jvm.dll+0xac27c]
V  [jvm.dll+0x11f257]
V  [jvm.dll+0x615ad5]
V  [jvm.dll+0x6141a4]
V  [jvm.dll+0x21c078]
V  [jvm.dll+0x21b621]
V  [jvm.dll+0x1a4fdd]
V  [jvm.dll+0x22b098]
V  [jvm.dll+0x229159]
V  [jvm.dll+0x7f809c]
V  [jvm.dll+0x7f25fa]
V  [jvm.dll+0x682985]
C  [ucrtbase.dll+0x21bb2]
C  [KERNEL32.DLL+0x17344]
C  [ntdll.dll+0x526b1]


---------------  P R O C E S S  ---------------

Threads class SMR info:
_java_thread_list=0x00000218025108d0, length=12, elements={
0x000002185f6ea780, 0x0000021800846250, 0x00000218008475e0, 0x00000218008847b0,
0x0000021800885170, 0x000002180087b6e0, 0x000002180087bfa0, 0x000002180087cb90,
0x000002180087d490, 0x0000021800909480, 0x00000218009f6ab0, 0x00000218009f9480
}

Java Threads: ( => current thread )
  0x000002185f6ea780 JavaThread "main" [_thread_blocked, id=12636, stack(0x0000008e12f00000,0x0000008e13000000)]
  0x0000021800846250 JavaThread "Reference Handler" daemon [_thread_blocked, id=19388, stack(0x0000008e13600000,0x0000008e13700000)]
  0x00000218008475e0 JavaThread "Finalizer" daemon [_thread_blocked, id=16680, stack(0x0000008e13700000,0x0000008e13800000)]
  0x00000218008847b0 JavaThread "Signal Dispatcher" daemon [_thread_blocked, id=19268, stack(0x0000008e13800000,0x0000008e13900000)]
  0x0000021800885170 JavaThread "Attach Listener" daemon [_thread_blocked, id=19164, stack(0x0000008e13900000,0x0000008e13a00000)]
  0x000002180087b6e0 JavaThread "Service Thread" daemon [_thread_blocked, id=4908, stack(0x0000008e13a00000,0x0000008e13b00000)]
  0x000002180087bfa0 JavaThread "Monitor Deflation Thread" daemon [_thread_blocked, id=14836, stack(0x0000008e13b00000,0x0000008e13c00000)]
=>0x000002180087cb90 JavaThread "C2 CompilerThread0" daemon [_thread_in_native, id=7700, stack(0x0000008e13c00000,0x0000008e13d00000)]
  0x000002180087d490 JavaThread "C1 CompilerThread0" daemon [_thread_blocked, id=17900, stack(0x0000008e13d00000,0x0000008e13e00000)]
  0x0000021800909480 JavaThread "Sweeper thread" daemon [_thread_blocked, id=11896, stack(0x0000008e13e00000,0x0000008e13f00000)]
  0x00000218009f6ab0 JavaThread "Notification Thread" daemon [_thread_blocked, id=18552, stack(0x0000008e13f00000,0x0000008e14000000)]
  0x00000218009f9480 JavaThread "Common-Cleaner" daemon [_thread_blocked, id=10236, stack(0x0000008e14100000,0x0000008e14200000)]

Other Threads:
  0x000002187f751ba0 VMThread "VM Thread" [stack: 0x0000008e13500000,0x0000008e13600000] [id=15548]
  0x00000218009f7790 WatcherThread [stack: 0x0000008e14000000,0x0000008e14100000] [id=16852]
  0x000002185f789c40 GCTaskThread "GC Thread#0" [stack: 0x0000008e13000000,0x0000008e13100000] [id=10436]
  0x0000021800e39910 GCTaskThread "GC Thread#1" [stack: 0x0000008e14200000,0x0000008e14300000] [id=17596]
  0x0000021800e78210 GCTaskThread "GC Thread#2" [stack: 0x0000008e14300000,0x0000008e14400000] [id=14272]
  0x0000021800e788c0 GCTaskThread "GC Thread#3" [stack: 0x0000008e14400000,0x0000008e14500000] [id=4348]
  0x000002185f79a8d0 ConcurrentGCThread "G1 Main Marker" [stack: 0x0000008e13100000,0x0000008e13200000] [id=15460]
  0x000002185f79b1f0 ConcurrentGCThread "G1 Conc#0" [stack: 0x0000008e13200000,0x0000008e13300000] [id=21316]
  0x000002185f7daac0 ConcurrentGCThread "G1 Refine#0" [stack: 0x0000008e13300000,0x0000008e13400000] [id=5652]
  0x000002185f7dceb0 ConcurrentGCThread "G1 Service" [stack: 0x0000008e13400000,0x0000008e13500000] [id=18136]

Threads with active compile tasks:
C2 CompilerThread0     3411 1228 %     4       java.io.WinNTFileSystem::normalize @ 22 (143 bytes)

VM state: not at safepoint (normal execution)

VM Mutex/Monitor currently owned by a thread: None

Heap address: 0x0000000701c00000, size: 4068 MB, Compressed Oops mode: Zero based, Oop shift amount: 3

CDS archive(s) not mapped
Compressed class space mapped at: 0x0000000800000000-0x0000000840000000, reserved size: 1073741824
Narrow klass base: 0x0000000800000000, Narrow klass shift: 0, Narrow klass range: 0x40000000

GC Precious Log:
 CPUs: 4 total, 4 available
 Memory: 16269M
 Large Page Support: Disabled
 NUMA Support: Disabled
 Compressed Oops: Enabled (Zero based)
 Heap Region Size: 2M
 Heap Min Capacity: 8M
 Heap Initial Capacity: 256M
 Heap Max Capacity: 4068M
 Pre-touch: Disabled
 Parallel Workers: 4
 Concurrent Workers: 1
 Concurrent Refinement Workers: 4
 Periodic GC: Disabled

Heap:
 garbage-first heap   total 262144K, used 24690K [0x0000000701c00000, 0x0000000800000000)
  region size 2048K, 9 young (18432K), 1 survivors (2048K)
 Metaspace       used 16049K, committed 16256K, reserved 1064960K
  class space    used 1857K, committed 1920K, reserved 1048576K

Heap Regions: E=young(eden), S=young(survivor), O=old, HS=humongous(starts), HC=humongous(continues), CS=collection set, F=free, OA=open archive, CA=closed archive, TAMS=top-at-mark-start (previous, next)
|   0|0x0000000701c00000, 0x0000000701e00000, 0x0000000701e00000|100%| O|  |TAMS 0x0000000701c00000, 0x0000000701c00000| Untracked 
|   1|0x0000000701e00000, 0x0000000702000000, 0x0000000702000000|100%|HS|  |TAMS 0x0000000701e00000, 0x0000000701e00000| Complete 
|   2|0x0000000702000000, 0x0000000702200000, 0x0000000702200000|100%|HC|  |TAMS 0x0000000702000000, 0x0000000702000000| Complete 
|   3|0x0000000702200000, 0x0000000702400000, 0x0000000702400000|100%| O|  |TAMS 0x0000000702200000, 0x0000000702200000| Untracked 
|   4|0x0000000702400000, 0x000000070241c800, 0x0000000702600000|  5%| O|  |TAMS 0x0000000702400000, 0x0000000702400000| Untracked 
|   5|0x0000000702600000, 0x0000000702600000, 0x0000000702800000|  0%| F|  |TAMS 0x0000000702600000, 0x0000000702600000| Untracked 
|   6|0x0000000702800000, 0x0000000702800000, 0x0000000702a00000|  0%| F|  |TAMS 0x0000000702800000, 0x0000000702800000| Untracked 
|   7|0x0000000702a00000, 0x0000000702a00000, 0x0000000702c00000|  0%| F|  |TAMS 0x0000000702a00000, 0x0000000702a00000| Untracked 
|   8|0x0000000702c00000, 0x0000000702c00000, 0x0000000702e00000|  0%| F|  |TAMS 0x0000000702c00000, 0x0000000702c00000| Untracked 
|   9|0x0000000702e00000, 0x0000000702e00000, 0x0000000703000000|  0%| F|  |TAMS 0x0000000702e00000, 0x0000000702e00000| Untracked 
|  10|0x0000000703000000, 0x0000000703000000, 0x0000000703200000|  0%| F|  |TAMS 0x0000000703000000, 0x0000000703000000| Untracked 
|  11|0x0000000703200000, 0x0000000703200000, 0x0000000703400000|  0%| F|  |TAMS 0x0000000703200000, 0x0000000703200000| Untracked 
|  12|0x0000000703400000, 0x0000000703400000, 0x0000000703600000|  0%| F|  |TAMS 0x0000000703400000, 0x0000000703400000| Untracked 
|  13|0x0000000703600000, 0x0000000703600000, 0x0000000703800000|  0%| F|  |TAMS 0x0000000703600000, 0x0000000703600000| Untracked 
|  14|0x0000000703800000, 0x0000000703800000, 0x0000000703a00000|  0%| F|  |TAMS 0x0000000703800000, 0x0000000703800000| Untracked 
|  15|0x0000000703a00000, 0x0000000703a00000, 0x0000000703c00000|  0%| F|  |TAMS 0x0000000703a00000, 0x0000000703a00000| Untracked 
|  16|0x0000000703c00000, 0x0000000703c00000, 0x0000000703e00000|  0%| F|  |TAMS 0x0000000703c00000, 0x0000000703c00000| Untracked 
|  17|0x0000000703e00000, 0x0000000703e00000, 0x0000000704000000|  0%| F|  |TAMS 0x0000000703e00000, 0x0000000703e00000| Untracked 
|  18|0x0000000704000000, 0x0000000704000000, 0x0000000704200000|  0%| F|  |TAMS 0x0000000704000000, 0x0000000704000000| Untracked 
|  19|0x0000000704200000, 0x0000000704200000, 0x0000000704400000|  0%| F|  |TAMS 0x0000000704200000, 0x0000000704200000| Untracked 
|  20|0x0000000704400000, 0x0000000704400000, 0x0000000704600000|  0%| F|  |TAMS 0x0000000704400000, 0x0000000704400000| Untracked 
|  21|0x0000000704600000, 0x0000000704600000, 0x0000000704800000|  0%| F|  |TAMS 0x0000000704600000, 0x0000000704600000| Untracked 
|  22|0x0000000704800000, 0x0000000704800000, 0x0000000704a00000|  0%| F|  |TAMS 0x0000000704800000, 0x0000000704800000| Untracked 
|  23|0x0000000704a00000, 0x0000000704a00000, 0x0000000704c00000|  0%| F|  |TAMS 0x0000000704a00000, 0x0000000704a00000| Untracked 
|  24|0x0000000704c00000, 0x0000000704c00000, 0x0000000704e00000|  0%| F|  |TAMS 0x0000000704c00000, 0x0000000704c00000| Untracked 
|  25|0x0000000704e00000, 0x0000000704e00000, 0x0000000705000000|  0%| F|  |TAMS 0x0000000704e00000, 0x0000000704e00000| Untracked 
|  26|0x0000000705000000, 0x0000000705000000, 0x0000000705200000|  0%| F|  |TAMS 0x0000000705000000, 0x0000000705000000| Untracked 
|  27|0x0000000705200000, 0x0000000705200000, 0x0000000705400000|  0%| F|  |TAMS 0x0000000705200000, 0x0000000705200000| Untracked 
|  28|0x0000000705400000, 0x0000000705400000, 0x0000000705600000|  0%| F|  |TAMS 0x0000000705400000, 0x0000000705400000| Untracked 
|  29|0x0000000705600000, 0x0000000705600000, 0x0000000705800000|  0%| F|  |TAMS 0x0000000705600000, 0x0000000705600000| Untracked 
|  30|0x0000000705800000, 0x0000000705800000, 0x0000000705a00000|  0%| F|  |TAMS 0x0000000705800000, 0x0000000705800000| Untracked 
|  31|0x0000000705a00000, 0x0000000705a00000, 0x0000000705c00000|  0%| F|  |TAMS 0x0000000705a00000, 0x0000000705a00000| Untracked 
|  32|0x0000000705c00000, 0x0000000705c00000, 0x0000000705e00000|  0%| F|  |TAMS 0x0000000705c00000, 0x0000000705c00000| Untracked 
|  33|0x0000000705e00000, 0x0000000705e00000, 0x0000000706000000|  0%| F|  |TAMS 0x0000000705e00000, 0x0000000705e00000| Untracked 
|  34|0x0000000706000000, 0x0000000706000000, 0x0000000706200000|  0%| F|  |TAMS 0x0000000706000000, 0x0000000706000000| Untracked 
|  35|0x0000000706200000, 0x0000000706200000, 0x0000000706400000|  0%| F|  |TAMS 0x0000000706200000, 0x0000000706200000| Untracked 
|  36|0x0000000706400000, 0x0000000706400000, 0x0000000706600000|  0%| F|  |TAMS 0x0000000706400000, 0x0000000706400000| Untracked 
|  37|0x0000000706600000, 0x0000000706600000, 0x0000000706800000|  0%| F|  |TAMS 0x0000000706600000, 0x0000000706600000| Untracked 
|  38|0x0000000706800000, 0x0000000706800000, 0x0000000706a00000|  0%| F|  |TAMS 0x0000000706800000, 0x0000000706800000| Untracked 
|  39|0x0000000706a00000, 0x0000000706a00000, 0x0000000706c00000|  0%| F|  |TAMS 0x0000000706a00000, 0x0000000706a00000| Untracked 
|  40|0x0000000706c00000, 0x0000000706c00000, 0x0000000706e00000|  0%| F|  |TAMS 0x0000000706c00000, 0x0000000706c00000| Untracked 
|  41|0x0000000706e00000, 0x0000000706e00000, 0x0000000707000000|  0%| F|  |TAMS 0x0000000706e00000, 0x0000000706e00000| Untracked 
|  42|0x0000000707000000, 0x0000000707000000, 0x0000000707200000|  0%| F|  |TAMS 0x0000000707000000, 0x0000000707000000| Untracked 
|  43|0x0000000707200000, 0x0000000707200000, 0x0000000707400000|  0%| F|  |TAMS 0x0000000707200000, 0x0000000707200000| Untracked 
|  44|0x0000000707400000, 0x0000000707400000, 0x0000000707600000|  0%| F|  |TAMS 0x0000000707400000, 0x0000000707400000| Untracked 
|  45|0x0000000707600000, 0x0000000707600000, 0x0000000707800000|  0%| F|  |TAMS 0x0000000707600000, 0x0000000707600000| Untracked 
|  46|0x0000000707800000, 0x0000000707800000, 0x0000000707a00000|  0%| F|  |TAMS 0x0000000707800000, 0x0000000707800000| Untracked 
|  47|0x0000000707a00000, 0x0000000707a00000, 0x0000000707c00000|  0%| F|  |TAMS 0x0000000707a00000, 0x0000000707a00000| Untracked 
|  48|0x0000000707c00000, 0x0000000707c00000, 0x0000000707e00000|  0%| F|  |TAMS 0x0000000707c00000, 0x0000000707c00000| Untracked 
|  49|0x0000000707e00000, 0x0000000707e00000, 0x0000000708000000|  0%| F|  |TAMS 0x0000000707e00000, 0x0000000707e00000| Untracked 
|  50|0x0000000708000000, 0x0000000708000000, 0x0000000708200000|  0%| F|  |TAMS 0x0000000708000000, 0x0000000708000000| Untracked 
|  51|0x0000000708200000, 0x0000000708200000, 0x0000000708400000|  0%| F|  |TAMS 0x0000000708200000, 0x0000000708200000| Untracked 
|  52|0x0000000708400000, 0x0000000708400000, 0x0000000708600000|  0%| F|  |TAMS 0x0000000708400000, 0x0000000708400000| Untracked 
|  53|0x0000000708600000, 0x0000000708600000, 0x0000000708800000|  0%| F|  |TAMS 0x0000000708600000, 0x0000000708600000| Untracked 
|  54|0x0000000708800000, 0x0000000708800000, 0x0000000708a00000|  0%| F|  |TAMS 0x0000000708800000, 0x0000000708800000| Untracked 
|  55|0x0000000708a00000, 0x0000000708a00000, 0x0000000708c00000|  0%| F|  |TAMS 0x0000000708a00000, 0x0000000708a00000| Untracked 
|  56|0x0000000708c00000, 0x0000000708c00000, 0x0000000708e00000|  0%| F|  |TAMS 0x0000000708c00000, 0x0000000708c00000| Untracked 
|  57|0x0000000708e00000, 0x0000000708e00000, 0x0000000709000000|  0%| F|  |TAMS 0x0000000708e00000, 0x0000000708e00000| Untracked 
|  58|0x0000000709000000, 0x0000000709000000, 0x0000000709200000|  0%| F|  |TAMS 0x0000000709000000, 0x0000000709000000| Untracked 
|  59|0x0000000709200000, 0x0000000709200000, 0x0000000709400000|  0%| F|  |TAMS 0x0000000709200000, 0x0000000709200000| Untracked 
|  60|0x0000000709400000, 0x0000000709400000, 0x0000000709600000|  0%| F|  |TAMS 0x0000000709400000, 0x0000000709400000| Untracked 
|  61|0x0000000709600000, 0x0000000709600000, 0x0000000709800000|  0%| F|  |TAMS 0x0000000709600000, 0x0000000709600000| Untracked 
|  62|0x0000000709800000, 0x0000000709800000, 0x0000000709a00000|  0%| F|  |TAMS 0x0000000709800000, 0x0000000709800000| Untracked 
|  63|0x0000000709a00000, 0x0000000709a00000, 0x0000000709c00000|  0%| F|  |TAMS 0x0000000709a00000, 0x0000000709a00000| Untracked 
|  64|0x0000000709c00000, 0x0000000709c00000, 0x0000000709e00000|  0%| F|  |TAMS 0x0000000709c00000, 0x0000000709c00000| Untracked 
|  65|0x0000000709e00000, 0x0000000709e00000, 0x000000070a000000|  0%| F|  |TAMS 0x0000000709e00000, 0x0000000709e00000| Untracked 
|  66|0x000000070a000000, 0x000000070a000000, 0x000000070a200000|  0%| F|  |TAMS 0x000000070a000000, 0x000000070a000000| Untracked 
|  67|0x000000070a200000, 0x000000070a200000, 0x000000070a400000|  0%| F|  |TAMS 0x000000070a200000, 0x000000070a200000| Untracked 
|  68|0x000000070a400000, 0x000000070a400000, 0x000000070a600000|  0%| F|  |TAMS 0x000000070a400000, 0x000000070a400000| Untracked 
|  69|0x000000070a600000, 0x000000070a600000, 0x000000070a800000|  0%| F|  |TAMS 0x000000070a600000, 0x000000070a600000| Untracked 
|  70|0x000000070a800000, 0x000000070a800000, 0x000000070aa00000|  0%| F|  |TAMS 0x000000070a800000, 0x000000070a800000| Untracked 
|  71|0x000000070aa00000, 0x000000070aa00000, 0x000000070ac00000|  0%| F|  |TAMS 0x000000070aa00000, 0x000000070aa00000| Untracked 
|  72|0x000000070ac00000, 0x000000070ac00000, 0x000000070ae00000|  0%| F|  |TAMS 0x000000070ac00000, 0x000000070ac00000| Untracked 
|  73|0x000000070ae00000, 0x000000070ae00000, 0x000000070b000000|  0%| F|  |TAMS 0x000000070ae00000, 0x000000070ae00000| Untracked 
|  74|0x000000070b000000, 0x000000070b000000, 0x000000070b200000|  0%| F|  |TAMS 0x000000070b000000, 0x000000070b000000| Untracked 
|  75|0x000000070b200000, 0x000000070b200000, 0x000000070b400000|  0%| F|  |TAMS 0x000000070b200000, 0x000000070b200000| Untracked 
|  76|0x000000070b400000, 0x000000070b400000, 0x000000070b600000|  0%| F|  |TAMS 0x000000070b400000, 0x000000070b400000| Untracked 
|  77|0x000000070b600000, 0x000000070b600000, 0x000000070b800000|  0%| F|  |TAMS 0x000000070b600000, 0x000000070b600000| Untracked 
|  78|0x000000070b800000, 0x000000070b800000, 0x000000070ba00000|  0%| F|  |TAMS 0x000000070b800000, 0x000000070b800000| Untracked 
|  79|0x000000070ba00000, 0x000000070ba00000, 0x000000070bc00000|  0%| F|  |TAMS 0x000000070ba00000, 0x000000070ba00000| Untracked 
|  80|0x000000070bc00000, 0x000000070bc00000, 0x000000070be00000|  0%| F|  |TAMS 0x000000070bc00000, 0x000000070bc00000| Untracked 
|  81|0x000000070be00000, 0x000000070be00000, 0x000000070c000000|  0%| F|  |TAMS 0x000000070be00000, 0x000000070be00000| Untracked 
|  82|0x000000070c000000, 0x000000070c000000, 0x000000070c200000|  0%| F|  |TAMS 0x000000070c000000, 0x000000070c000000| Untracked 
|  83|0x000000070c200000, 0x000000070c200000, 0x000000070c400000|  0%| F|  |TAMS 0x000000070c200000, 0x000000070c200000| Untracked 
|  84|0x000000070c400000, 0x000000070c400000, 0x000000070c600000|  0%| F|  |TAMS 0x000000070c400000, 0x000000070c400000| Untracked 
|  85|0x000000070c600000, 0x000000070c600000, 0x000000070c800000|  0%| F|  |TAMS 0x000000070c600000, 0x000000070c600000| Untracked 
|  86|0x000000070c800000, 0x000000070c800000, 0x000000070ca00000|  0%| F|  |TAMS 0x000000070c800000, 0x000000070c800000| Untracked 
|  87|0x000000070ca00000, 0x000000070ca00000, 0x000000070cc00000|  0%| F|  |TAMS 0x000000070ca00000, 0x000000070ca00000| Untracked 
|  88|0x000000070cc00000, 0x000000070cc00000, 0x000000070ce00000|  0%| F|  |TAMS 0x000000070cc00000, 0x000000070cc00000| Untracked 
|  89|0x000000070ce00000, 0x000000070ce00000, 0x000000070d000000|  0%| F|  |TAMS 0x000000070ce00000, 0x000000070ce00000| Untracked 
|  90|0x000000070d000000, 0x000000070d000000, 0x000000070d200000|  0%| F|  |TAMS 0x000000070d000000, 0x000000070d000000| Untracked 
|  91|0x000000070d200000, 0x000000070d200000, 0x000000070d400000|  0%| F|  |TAMS 0x000000070d200000, 0x000000070d200000| Untracked 
|  92|0x000000070d400000, 0x000000070d400000, 0x000000070d600000|  0%| F|  |TAMS 0x000000070d400000, 0x000000070d400000| Untracked 
|  93|0x000000070d600000, 0x000000070d600000, 0x000000070d800000|  0%| F|  |TAMS 0x000000070d600000, 0x000000070d600000| Untracked 
|  94|0x000000070d800000, 0x000000070d800000, 0x000000070da00000|  0%| F|  |TAMS 0x000000070d800000, 0x000000070d800000| Untracked 
|  95|0x000000070da00000, 0x000000070da00000, 0x000000070dc00000|  0%| F|  |TAMS 0x000000070da00000, 0x000000070da00000| Untracked 
|  96|0x000000070dc00000, 0x000000070dc00000, 0x000000070de00000|  0%| F|  |TAMS 0x000000070dc00000, 0x000000070dc00000| Untracked 
|  97|0x000000070de00000, 0x000000070de00000, 0x000000070e000000|  0%| F|  |TAMS 0x000000070de00000, 0x000000070de00000| Untracked 
|  98|0x000000070e000000, 0x000000070e000000, 0x000000070e200000|  0%| F|  |TAMS 0x000000070e000000, 0x000000070e000000| Untracked 
|  99|0x000000070e200000, 0x000000070e200000, 0x000000070e400000|  0%| F|  |TAMS 0x000000070e200000, 0x000000070e200000| Untracked 
| 100|0x000000070e400000, 0x000000070e400000, 0x000000070e600000|  0%| F|  |TAMS 0x000000070e400000, 0x000000070e400000| Untracked 
| 101|0x000000070e600000, 0x000000070e600000, 0x000000070e800000|  0%| F|  |TAMS 0x000000070e600000, 0x000000070e600000| Untracked 
| 102|0x000000070e800000, 0x000000070e800000, 0x000000070ea00000|  0%| F|  |TAMS 0x000000070e800000, 0x000000070e800000| Untracked 
| 103|0x000000070ea00000, 0x000000070ea00000, 0x000000070ec00000|  0%| F|  |TAMS 0x000000070ea00000, 0x000000070ea00000| Untracked 
| 104|0x000000070ec00000, 0x000000070ec00000, 0x000000070ee00000|  0%| F|  |TAMS 0x000000070ec00000, 0x000000070ec00000| Untracked 
| 105|0x000000070ee00000, 0x000000070ee00000, 0x000000070f000000|  0%| F|  |TAMS 0x000000070ee00000, 0x000000070ee00000| Untracked 
| 106|0x000000070f000000, 0x000000070f000000, 0x000000070f200000|  0%| F|  |TAMS 0x000000070f000000, 0x000000070f000000| Untracked 
| 107|0x000000070f200000, 0x000000070f200000, 0x000000070f400000|  0%| F|  |TAMS 0x000000070f200000, 0x000000070f200000| Untracked 
| 108|0x000000070f400000, 0x000000070f400000, 0x000000070f600000|  0%| F|  |TAMS 0x000000070f400000, 0x000000070f400000| Untracked 
| 109|0x000000070f600000, 0x000000070f600000, 0x000000070f800000|  0%| F|  |TAMS 0x000000070f600000, 0x000000070f600000| Untracked 
| 110|0x000000070f800000, 0x000000070f800000, 0x000000070fa00000|  0%| F|  |TAMS 0x000000070f800000, 0x000000070f800000| Untracked 
| 111|0x000000070fa00000, 0x000000070fa00000, 0x000000070fc00000|  0%| F|  |TAMS 0x000000070fa00000, 0x000000070fa00000| Untracked 
| 112|0x000000070fc00000, 0x000000070fc00000, 0x000000070fe00000|  0%| F|  |TAMS 0x000000070fc00000, 0x000000070fc00000| Untracked 
| 113|0x000000070fe00000, 0x000000070fe00000, 0x0000000710000000|  0%| F|  |TAMS 0x000000070fe00000, 0x000000070fe00000| Untracked 
| 114|0x0000000710000000, 0x0000000710000000, 0x0000000710200000|  0%| F|  |TAMS 0x0000000710000000, 0x0000000710000000| Untracked 
| 115|0x0000000710200000, 0x0000000710200000, 0x0000000710400000|  0%| F|  |TAMS 0x0000000710200000, 0x0000000710200000| Untracked 
| 116|0x0000000710400000, 0x0000000710400000, 0x0000000710600000|  0%| F|  |TAMS 0x0000000710400000, 0x0000000710400000| Untracked 
| 117|0x0000000710600000, 0x0000000710600000, 0x0000000710800000|  0%| F|  |TAMS 0x0000000710600000, 0x0000000710600000| Untracked 
| 118|0x0000000710800000, 0x0000000710800000, 0x0000000710a00000|  0%| F|  |TAMS 0x0000000710800000, 0x0000000710800000| Untracked 
| 119|0x0000000710a00000, 0x0000000710c00000, 0x0000000710c00000|100%| S|CS|TAMS 0x0000000710a00000, 0x0000000710a00000| Complete 
| 120|0x0000000710c00000, 0x0000000710ca7928, 0x0000000710e00000| 32%| E|  |TAMS 0x0000000710c00000, 0x0000000710c00000| Complete 
| 121|0x0000000710e00000, 0x0000000711000000, 0x0000000711000000|100%| E|CS|TAMS 0x0000000710e00000, 0x0000000710e00000| Complete 
| 122|0x0000000711000000, 0x0000000711200000, 0x0000000711200000|100%| E|CS|TAMS 0x0000000711000000, 0x0000000711000000| Complete 
| 123|0x0000000711200000, 0x0000000711400000, 0x0000000711400000|100%| E|CS|TAMS 0x0000000711200000, 0x0000000711200000| Complete 
| 124|0x0000000711400000, 0x0000000711600000, 0x0000000711600000|100%| E|CS|TAMS 0x0000000711400000, 0x0000000711400000| Complete 
| 125|0x0000000711600000, 0x0000000711800000, 0x0000000711800000|100%| E|CS|TAMS 0x0000000711600000, 0x0000000711600000| Complete 
| 126|0x0000000711800000, 0x0000000711a00000, 0x0000000711a00000|100%| E|CS|TAMS 0x0000000711800000, 0x0000000711800000| Complete 
| 127|0x0000000711a00000, 0x0000000711c00000, 0x0000000711c00000|100%| E|CS|TAMS 0x0000000711a00000, 0x0000000711a00000| Complete 

Card table byte_map: [0x0000021874230000,0x0000021874a30000] _byte_map_base: 0x0000021870a22000

Marking Bits (Prev, Next): (CMBitMap*) 0x000002185f78a160, (CMBitMap*) 0x000002185f78a1a0
 Prev Bits: [0x0000021875230000, 0x00000218791c0000)
 Next Bits: [0x00000218791c0000, 0x000002187d150000)

Polling page: 0x000002185f5e0000

Metaspace:

Usage:
  Non-class:     13.86 MB used.
      Class:      1.81 MB used.
       Both:     15.67 MB used.

Virtual space:
  Non-class space:       16.00 MB reserved,      14.00 MB ( 88%) committed,  2 nodes.
      Class space:        1.00 GB reserved,       1.88 MB ( <1%) committed,  1 nodes.
             Both:        1.02 GB reserved,      15.88 MB (  2%) committed. 

Chunk freelists:
   Non-Class:  1.79 MB
       Class:  2.14 MB
        Both:  3.93 MB

MaxMetaspaceSize: unlimited
CompressedClassSpaceSize: 1.00 GB
Initial GC threshold: 21.00 MB
Current GC threshold: 21.00 MB
CDS: off
MetaspaceReclaimPolicy: balanced
 - commit_granule_bytes: 65536.
 - commit_granule_words: 8192.
 - virtual_space_node_default_size: 1048576.
 - enlarge_chunks_in_place: 1.
 - new_chunks_are_fully_committed: 0.
 - uncommit_free_chunks: 1.
 - use_allocation_guard: 0.
 - handle_deallocations: 1.


Internal statistics:

num_allocs_failed_limit: 0.
num_arena_births: 74.
num_arena_deaths: 0.
num_vsnodes_births: 3.
num_vsnodes_deaths: 0.
num_space_committed: 254.
num_space_uncommitted: 0.
num_chunks_returned_to_freelist: 0.
num_chunks_taken_from_freelist: 298.
num_chunk_merges: 0.
num_chunk_splits: 200.
num_chunks_enlarged: 168.
num_purges: 0.
num_inconsistent_stats: 0.

CodeHeap 'non-profiled nmethods': size=120000Kb used=456Kb max_used=456Kb free=119543Kb
 bounds [0x000002186bee0000, 0x000002186c150000, 0x0000021873410000]
CodeHeap 'profiled nmethods': size=120000Kb used=2631Kb max_used=2631Kb free=117368Kb
 bounds [0x0000021864410000, 0x00000218646b0000, 0x000002186b940000]
CodeHeap 'non-nmethods': size=5760Kb used=1161Kb max_used=1172Kb free=4598Kb
 bounds [0x000002186b940000, 0x000002186bbb0000, 0x000002186bee0000]
 total_blobs=1747 nmethods=1291 adapters=369
 compilation: enabled
              stopped_count=0, restarted_count=0
 full_count=0

Compilation events (20 events):
Event: 2.947 Thread 0x000002180087d490 nmethod 1222 0x000002186467e190 code [0x000002186467e340, 0x000002186467e568]
Event: 2.949 Thread 0x000002180087d490 1223  s    3       java.io.ByteArrayInputStream::read (73 bytes)
Event: 2.949 Thread 0x000002180087d490 nmethod 1223 0x000002186467e690 code [0x000002186467e880, 0x000002186467ee78]
Event: 2.951 Thread 0x000002180087d490 1224       3       java.io.ByteArrayOutputStream::<init> (7 bytes)
Event: 2.951 Thread 0x000002180087d490 nmethod 1224 0x000002186467f010 code [0x000002186467f1a0, 0x000002186467f2e8]
Event: 2.951 Thread 0x000002180087d490 1225       3       java.io.ByteArrayOutputStream::<init> (43 bytes)
Event: 2.951 Thread 0x000002180087d490 nmethod 1225 0x000002186467f390 code [0x000002186467f5e0, 0x000002186467fe18]
Event: 2.952 Thread 0x000002180087cb90 1226       4       java.io.File::equals (28 bytes)
Event: 2.959 Thread 0x000002180087cb90 nmethod 1226 0x000002186bf4f390 code [0x000002186bf4f540, 0x000002186bf4fc78]
Event: 2.959 Thread 0x000002180087d490 1227       3       java.net.URI$Parser::checkChar (14 bytes)
Event: 2.960 Thread 0x000002180087d490 nmethod 1227 0x0000021864680110 code [0x00000218646802a0, 0x00000218646803e8]
Event: 2.960 Thread 0x000002180087cb90 1228 %     4       java.io.WinNTFileSystem::normalize @ 22 (143 bytes)
Event: 2.965 Thread 0x000002180087d490 1230   !   3       java.util.jar.JarFile::getBytes (186 bytes)
Event: 2.966 Thread 0x000002180087d490 nmethod 1230 0x0000021864680490 code [0x0000021864680800, 0x0000021864681c38]
Event: 2.969 Thread 0x000002180087d490 1231       3       java.net.URL::toURI (54 bytes)
Event: 2.969 Thread 0x000002180087d490 nmethod 1231 0x0000021864682690 code [0x00000218646829a0, 0x0000021864683b58]
Event: 2.970 Thread 0x000002180087d490 1232       1       java.util.jar.JarFile$JarFileEntry::getName (5 bytes)
Event: 2.970 Thread 0x000002180087d490 nmethod 1232 0x000002186bf50210 code [0x000002186bf503a0, 0x000002186bf50478]
Event: 2.972 Thread 0x000002180087d490 1233       3       java.util.Hashtable::<init> (9 bytes)
Event: 2.973 Thread 0x000002180087d490 nmethod 1233 0x0000021864684190 code [0x0000021864684360, 0x00000218646844a8]

GC Heap History (4 events):
Event: 1.014 GC heap before
{Heap before GC invocations=0 (full 0):
 garbage-first heap   total 262144K, used 12288K [0x0000000701c00000, 0x0000000800000000)
  region size 2048K, 6 young (12288K), 0 survivors (0K)
 Metaspace       used 8339K, committed 8512K, reserved 1056768K
  class space    used 729K, committed 768K, reserved 1048576K
}
Event: 1.019 GC heap after
{Heap after GC invocations=1 (full 0):
 garbage-first heap   total 262144K, used 2542K [0x0000000701c00000, 0x0000000800000000)
  region size 2048K, 1 young (2048K), 1 survivors (2048K)
 Metaspace       used 8339K, committed 8512K, reserved 1056768K
  class space    used 729K, committed 768K, reserved 1048576K
}
Event: 2.002 GC heap before
{Heap before GC invocations=1 (full 0):
 garbage-first heap   total 262144K, used 18926K [0x0000000701c00000, 0x0000000800000000)
  region size 2048K, 8 young (16384K), 1 survivors (2048K)
 Metaspace       used 12150K, committed 12288K, reserved 1064960K
  class space    used 1333K, committed 1408K, reserved 1048576K
}
Event: 2.006 GC heap after
{Heap after GC invocations=2 (full 0):
 garbage-first heap   total 262144K, used 10354K [0x0000000701c00000, 0x0000000800000000)
  region size 2048K, 1 young (2048K), 1 survivors (2048K)
 Metaspace       used 12150K, committed 12288K, reserved 1064960K
  class space    used 1333K, committed 1408K, reserved 1048576K
}

Dll operation events (2 events):
Event: 0.012 Loaded shared library C:\Program Files\Android\Android Studio\jbr\bin\java.dll
Event: 0.184 Loaded shared library C:\Program Files\Android\Android Studio\jbr\bin\verify.dll

Deoptimization events (20 events):
Event: 2.167 Thread 0x000002185f6ea780 DEOPT PACKING pc=0x000002186bf394d0 sp=0x0000008e12ffae80
Event: 2.167 Thread 0x000002185f6ea780 DEOPT UNPACKING pc=0x000002186b9969a3 sp=0x0000008e12ffae20 mode 2
Event: 2.167 Thread 0x000002185f6ea780 Uncommon trap: trap_request=0xffffffc6 fr.pc=0x000002186bf394d0 relative=0x00000000000005f0
Event: 2.167 Thread 0x000002185f6ea780 Uncommon trap: reason=bimorphic_or_optimized_type_check action=maybe_recompile pc=0x000002186bf394d0 method=java.util.concurrent.ConcurrentHashMap.get(Ljava/lang/Object;)Ljava/lang/Object; @ 149 c2
Event: 2.167 Thread 0x000002185f6ea780 DEOPT PACKING pc=0x000002186bf394d0 sp=0x0000008e12ffae80
Event: 2.167 Thread 0x000002185f6ea780 DEOPT UNPACKING pc=0x000002186b9969a3 sp=0x0000008e12ffae20 mode 2
Event: 2.188 Thread 0x000002185f6ea780 DEOPT PACKING pc=0x0000021864505948 sp=0x0000008e12ff9e80
Event: 2.188 Thread 0x000002185f6ea780 DEOPT UNPACKING pc=0x000002186b997143 sp=0x0000008e12ff9398 mode 0
Event: 2.303 Thread 0x000002185f6ea780 Uncommon trap: trap_request=0xffffff45 fr.pc=0x000002186bf2eea0 relative=0x0000000000001c60
Event: 2.303 Thread 0x000002185f6ea780 Uncommon trap: reason=unstable_if action=reinterpret pc=0x000002186bf2eea0 method=java.io.WinNTFileSystem.normalize(Ljava/lang/String;)Ljava/lang/String; @ 128 c2
Event: 2.303 Thread 0x000002185f6ea780 DEOPT PACKING pc=0x000002186bf2eea0 sp=0x0000008e12ffb6a0
Event: 2.303 Thread 0x000002185f6ea780 DEOPT UNPACKING pc=0x000002186b9969a3 sp=0x0000008e12ffb688 mode 2
Event: 2.865 Thread 0x000002185f6ea780 DEOPT PACKING pc=0x00000218644c1ac7 sp=0x0000008e12ffc320
Event: 2.865 Thread 0x000002185f6ea780 DEOPT UNPACKING pc=0x000002186b997143 sp=0x0000008e12ffb7e8 mode 0
Event: 2.867 Thread 0x000002185f6ea780 DEOPT PACKING pc=0x00000218644c1ac7 sp=0x0000008e12ffc320
Event: 2.867 Thread 0x000002185f6ea780 DEOPT UNPACKING pc=0x000002186b997143 sp=0x0000008e12ffb7e8 mode 0
Event: 2.870 Thread 0x000002185f6ea780 DEOPT PACKING pc=0x00000218644c1ac7 sp=0x0000008e12ffc320
Event: 2.870 Thread 0x000002185f6ea780 DEOPT UNPACKING pc=0x000002186b997143 sp=0x0000008e12ffb7e8 mode 0
Event: 2.887 Thread 0x000002185f6ea780 DEOPT PACKING pc=0x00000218644c7929 sp=0x0000008e12ffc250
Event: 2.887 Thread 0x000002185f6ea780 DEOPT UNPACKING pc=0x000002186b997143 sp=0x0000008e12ffb748 mode 0

Classes unloaded (0 events):
No events

Classes redefined (0 events):
No events

Internal exceptions (16 events):
Event: 0.351 Thread 0x000002185f6ea780 Exception <a 'java/lang/NoSuchMethodError'{0x0000000711922268}: 'int java.lang.invoke.DirectMethodHandle$Holder.invokeStaticInit(java.lang.Object, java.lang.Object)'> (0x0000000711922268) 
thrown [s\src\hotspot\share\interpreter\linkResolver.cpp, line 771]
Event: 1.859 Thread 0x000002185f6ea780 Exception <a 'java/lang/NoSuchMethodError'{0x00000007112ddee8}: 'void java.lang.invoke.DirectMethodHandle$Holder.invokeStatic(java.lang.Object, java.lang.Object)'> (0x00000007112ddee8) 
thrown [s\src\hotspot\share\interpreter\linkResolver.cpp, line 771]
Event: 1.882 Thread 0x000002185f6ea780 Exception <a 'java/lang/NoClassDefFoundError'{0x0000000711368798}: org/slf4j/impl/StaticMarkerBinder> (0x0000000711368798) 
thrown [s\src\hotspot\share\classfile\systemDictionary.cpp, line 245]
Event: 1.896 Thread 0x000002185f6ea780 Exception <a 'java/lang/NoSuchMethodError'{0x0000000711006260}: 'java.lang.Object java.lang.invoke.DirectMethodHandle$Holder.invokeVirtual(java.lang.Object, java.lang.Object, java.lang.Object, java.lang.Object, java.lang.Object, java.lang.Object, java.lang.Object)'> (0x0000000711006260) 
thrown [s\src\hotspot\share\interpreter\linkResolver.cpp, line 771]
Event: 1.898 Thread 0x000002185f6ea780 Exception <a 'java/lang/NoSuchMethodError'{0x0000000711017e40}: 'java.lang.Object java.lang.invoke.Invokers$Holder.invoker(java.lang.Object, java.lang.Object, java.lang.Object)'> (0x0000000711017e40) 
thrown [s\src\hotspot\share\interpreter\linkResolver.cpp, line 771]
Event: 1.901 Thread 0x000002185f6ea780 Exception <a 'java/lang/NoSuchMethodError'{0x0000000711020f70}: 'java.lang.Object java.lang.invoke.DirectMethodHandle$Holder.invokeStatic(java.lang.Object, java.lang.Object, int)'> (0x0000000711020f70) 
thrown [s\src\hotspot\share\interpreter\linkResolver.cpp, line 771]
Event: 1.905 Thread 0x000002185f6ea780 Exception <a 'java/lang/NoSuchMethodError'{0x000000071102cc60}: 'void java.lang.invoke.DelegatingMethodHandle$Holder.delegate(java.lang.Object, java.lang.Object, int, java.lang.Object)'> (0x000000071102cc60) 
thrown [s\src\hotspot\share\interpreter\linkResolver.cpp, line 771]
Event: 1.907 Thread 0x000002185f6ea780 Exception <a 'java/lang/NoSuchMethodError'{0x0000000711030da8}: 'int java.lang.invoke.DirectMethodHandle$Holder.invokeSpecial(java.lang.Object, java.lang.Object, java.lang.Object)'> (0x0000000711030da8) 
thrown [s\src\hotspot\share\interpreter\linkResolver.cpp, line 771]
Event: 1.911 Thread 0x000002185f6ea780 Exception <a 'java/lang/NoSuchMethodError'{0x0000000711043f60}: 'java.lang.Object java.lang.invoke.Invokers$Holder.invokeExact_MT(java.lang.Object, java.lang.Object, java.lang.Object, java.lang.Object)'> (0x0000000711043f60) 
thrown [s\src\hotspot\share\interpreter\linkResolver.cpp, line 771]
Event: 2.019 Thread 0x000002185f6ea780 Exception <a 'java/lang/NoSuchMethodError'{0x0000000711a79b90}: 'void java.lang.invoke.DirectMethodHandle$Holder.invokeSpecial(java.lang.Object, java.lang.Object, java.lang.Object)'> (0x0000000711a79b90) 
thrown [s\src\hotspot\share\interpreter\linkResolver.cpp, line 771]
Event: 2.032 Thread 0x000002185f6ea780 Implicit null exception at 0x000002186bf31410 to 0x000002186bf319b0
Event: 2.032 Thread 0x000002185f6ea780 Implicit null exception at 0x000002186bf1cf10 to 0x000002186bf1d4a4
Event: 2.055 Thread 0x000002185f6ea780 Exception <a 'java/lang/NoSuchMethodError'{0x0000000711845be8}: 'java.lang.Object java.lang.invoke.DirectMethodHandle$Holder.invokeStaticInit(java.lang.Object)'> (0x0000000711845be8) 
thrown [s\src\hotspot\share\interpreter\linkResolver.cpp, line 771]
Event: 2.211 Thread 0x000002185f6ea780 Exception <a 'java/lang/NoSuchMethodError'{0x000000071146a618}: 'java.lang.Object java.lang.invoke.DirectMethodHandle$Holder.invokeStaticInit(java.lang.Object, int, int, int, int)'> (0x000000071146a618) 
thrown [s\src\hotspot\share\interpreter\linkResolver.cpp, line 771]
Event: 2.322 Thread 0x000002185f6ea780 Exception <a 'java/lang/NoSuchMethodError'{0x000000071154ec08}: 'java.lang.Object java.lang.invoke.DirectMethodHandle$Holder.invokeStaticInit(java.lang.Object, java.lang.Object, int, int, int, int)'> (0x000000071154ec08) 
thrown [s\src\hotspot\share\interpreter\linkResolver.cpp, line 771]
Event: 2.754 Thread 0x000002185f6ea780 Exception <a 'java/lang/NoSuchMethodError'{0x000000071157d9a8}: 'void java.lang.invoke.DirectMethodHandle$Holder.invokeStatic(java.lang.Object, java.lang.Object, java.lang.Object)'> (0x000000071157d9a8) 
thrown [s\src\hotspot\share\interpreter\linkResolver.cpp, line 771]

VM Operations (14 events):
Event: 0.178 Executing VM operation: HandshakeAllThreads
Event: 0.178 Executing VM operation: HandshakeAllThreads done
Event: 1.014 Executing VM operation: G1CollectForAllocation
Event: 1.019 Executing VM operation: G1CollectForAllocation done
Event: 1.575 Executing VM operation: HandshakeAllThreads
Event: 1.575 Executing VM operation: HandshakeAllThreads done
Event: 1.900 Executing VM operation: HandshakeAllThreads
Event: 1.900 Executing VM operation: HandshakeAllThreads done
Event: 2.002 Executing VM operation: G1CollectForAllocation
Event: 2.006 Executing VM operation: G1CollectForAllocation done
Event: 2.171 Executing VM operation: HandshakeAllThreads
Event: 2.171 Executing VM operation: HandshakeAllThreads done
Event: 2.304 Executing VM operation: HandshakeAllThreads
Event: 2.304 Executing VM operation: HandshakeAllThreads done

Events (20 events):
Event: 2.756 loading class sun/nio/ch/OptionKey
Event: 2.756 loading class sun/nio/ch/OptionKey done
Event: 2.756 loading class sun/nio/ch/ExtendedSocketOption
Event: 2.756 loading class sun/nio/ch/ExtendedSocketOption done
Event: 2.756 loading class sun/nio/ch/ExtendedSocketOption$1
Event: 2.756 loading class sun/nio/ch/ExtendedSocketOption$1 done
Event: 2.760 loading class java/io/EOFException
Event: 2.760 loading class java/io/EOFException done
Event: 2.760 loading class java/nio/channels/OverlappingFileLockException
Event: 2.760 loading class java/nio/channels/OverlappingFileLockException done
Event: 2.764 loading class java/io/DataInputStream
Event: 2.765 loading class java/io/DataInputStream done
Event: 2.775 loading class java/io/DataOutputStream
Event: 2.775 loading class java/io/DataOutputStream done
Event: 2.779 loading class java/io/FileOutputStream$1
Event: 2.779 loading class java/io/FileOutputStream$1 done
Event: 2.781 loading class java/util/Arrays$LegacyMergeSort
Event: 2.781 loading class java/util/Arrays$LegacyMergeSort done
Event: 2.781 loading class java/util/TimSort
Event: 2.781 loading class java/util/TimSort done


Dynamic libraries:
0x00007ff7538c0000 - 0x00007ff7538ca000 	C:\Program Files\Android\Android Studio\jbr\bin\java.exe
0x00007ff800bf0000 - 0x00007ff800de7000 	C:\WINDOWS\SYSTEM32\ntdll.dll
0x00007ffffec30000 - 0x00007ffffeced000 	C:\WINDOWS\System32\KERNEL32.DLL
0x00007ffffe710000 - 0x00007ffffea06000 	C:\WINDOWS\System32\KERNELBASE.dll
0x00007ffffe5a0000 - 0x00007ffffe6a0000 	C:\WINDOWS\System32\ucrtbase.dll
0x00007ffff6060000 - 0x00007ffff6077000 	C:\Program Files\Android\Android Studio\jbr\bin\jli.dll
0x00007ff8003b0000 - 0x00007ff80054e000 	C:\WINDOWS\System32\USER32.dll
0x00007ffffe450000 - 0x00007ffffe472000 	C:\WINDOWS\System32\win32u.dll
0x00007ff800030000 - 0x00007ff80005c000 	C:\WINDOWS\System32\GDI32.dll
0x00007ffffe480000 - 0x00007ffffe59a000 	C:\WINDOWS\System32\gdi32full.dll
0x00007ffffe360000 - 0x00007ffffe3fd000 	C:\WINDOWS\System32\msvcp_win.dll
0x00007ffff4de0000 - 0x00007ffff4dfb000 	C:\Program Files\Android\Android Studio\jbr\bin\VCRUNTIME140.dll
0x00007ffff1e90000 - 0x00007ffff212a000 	C:\WINDOWS\WinSxS\amd64_microsoft.windows.common-controls_6595b64144ccf1df_6.0.19041.3570_none_60bb2a3971f3e41a\COMCTL32.dll
0x00007ffffecf0000 - 0x00007ffffed8e000 	C:\WINDOWS\System32\msvcrt.dll
0x00007ff8007e0000 - 0x00007ff800810000 	C:\WINDOWS\System32\IMM32.DLL
0x00007ffff7640000 - 0x00007ffff764c000 	C:\Program Files\Android\Android Studio\jbr\bin\vcruntime140_1.dll
0x00007fffd52d0000 - 0x00007fffd535d000 	C:\Program Files\Android\Android Studio\jbr\bin\msvcp140.dll
0x00007fffb8cf0000 - 0x00007fffb995d000 	C:\Program Files\Android\Android Studio\jbr\bin\server\jvm.dll
0x00007fffffd30000 - 0x00007fffffdde000 	C:\WINDOWS\System32\ADVAPI32.dll
0x00007ff8006e0000 - 0x00007ff80077c000 	C:\WINDOWS\System32\sechost.dll
0x00007fffffec0000 - 0x00007ffffffe6000 	C:\WINDOWS\System32\RPCRT4.dll
0x00007fffe9540000 - 0x00007fffe9549000 	C:\WINDOWS\SYSTEM32\WSOCK32.dll
0x00007ff800550000 - 0x00007ff8005bb000 	C:\WINDOWS\System32\WS2_32.dll
0x00007ffff0110000 - 0x00007ffff0137000 	C:\WINDOWS\SYSTEM32\WINMM.dll
0x00007ffff5c80000 - 0x00007ffff5c8a000 	C:\WINDOWS\SYSTEM32\VERSION.dll
0x00007ffffcab0000 - 0x00007ffffcac2000 	C:\WINDOWS\SYSTEM32\kernel.appcore.dll
0x00007ffff0ff0000 - 0x00007ffff0ffa000 	C:\Program Files\Android\Android Studio\jbr\bin\jimage.dll
0x00007ffff7fe0000 - 0x00007ffff81c4000 	C:\WINDOWS\SYSTEM32\DBGHELP.DLL
0x00007fffe2cb0000 - 0x00007fffe2ce4000 	C:\WINDOWS\SYSTEM32\dbgcore.DLL
0x00007ffffea10000 - 0x00007ffffea92000 	C:\WINDOWS\System32\bcryptPrimitives.dll
0x00007fffe0380000 - 0x00007fffe03a5000 	C:\Program Files\Android\Android Studio\jbr\bin\java.dll
0x00007ffff04a0000 - 0x00007ffff04b8000 	C:\Program Files\Android\Android Studio\jbr\bin\zip.dll
0x00007ffffed90000 - 0x00007fffff4d4000 	C:\WINDOWS\System32\SHELL32.dll
0x00007ffffc300000 - 0x00007ffffca9b000 	C:\WINDOWS\SYSTEM32\windows.storage.dll
0x00007fffff9d0000 - 0x00007fffffd24000 	C:\WINDOWS\System32\combase.dll
0x00007ffffdb50000 - 0x00007ffffdb7d000 	C:\WINDOWS\SYSTEM32\Wldp.dll
0x00007ff800af0000 - 0x00007ff800b9d000 	C:\WINDOWS\System32\SHCORE.dll
0x00007ff800780000 - 0x00007ff8007d5000 	C:\WINDOWS\System32\shlwapi.dll
0x00007ffffe1f0000 - 0x00007ffffe215000 	C:\WINDOWS\SYSTEM32\profapi.dll
0x00007fffed640000 - 0x00007fffed659000 	C:\Program Files\Android\Android Studio\jbr\bin\net.dll
0x00007ffff6fd0000 - 0x00007ffff70da000 	C:\WINDOWS\SYSTEM32\WINHTTP.dll
0x00007ffffd930000 - 0x00007ffffd99a000 	C:\WINDOWS\system32\mswsock.dll
0x00007fffe9070000 - 0x00007fffe9086000 	C:\Program Files\Android\Android Studio\jbr\bin\nio.dll
0x00007ffff0dd0000 - 0x00007ffff0de0000 	C:\Program Files\Android\Android Studio\jbr\bin\verify.dll
0x00007fffdf340000 - 0x00007fffdf367000 	C:\Users\Basit Abbasi\.gradle\native\68d5fa5c4cc2d200863cafc0d521ce42e7d3e7ee720ec0a83991735586a16f82\windows-amd64\native-platform.dll
0x00007ffff3be0000 - 0x00007ffff3be9000 	C:\Program Files\Android\Android Studio\jbr\bin\management.dll
0x00007ffff0e40000 - 0x00007ffff0e4b000 	C:\Program Files\Android\Android Studio\jbr\bin\management_ext.dll
0x00007ff800ba0000 - 0x00007ff800ba8000 	C:\WINDOWS\System32\PSAPI.DLL
0x00007ffffdcf0000 - 0x00007ffffdd08000 	C:\WINDOWS\SYSTEM32\CRYPTSP.dll
0x00007ffffd260000 - 0x00007ffffd294000 	C:\WINDOWS\system32\rsaenh.dll
0x00007ffffec00000 - 0x00007ffffec27000 	C:\WINDOWS\System32\bcrypt.dll
0x00007ffffe100000 - 0x00007ffffe12e000 	C:\WINDOWS\SYSTEM32\USERENV.dll
0x00007ffffdac0000 - 0x00007ffffdacc000 	C:\WINDOWS\SYSTEM32\CRYPTBASE.dll
0x00007ffffd640000 - 0x00007ffffd67b000 	C:\WINDOWS\SYSTEM32\IPHLPAPI.DLL
0x00007ff800940000 - 0x00007ff800948000 	C:\WINDOWS\System32\NSI.dll
0x00007ffff6d30000 - 0x00007ffff6d47000 	C:\WINDOWS\SYSTEM32\dhcpcsvc6.DLL
0x00007ffff7170000 - 0x00007ffff718d000 	C:\WINDOWS\SYSTEM32\dhcpcsvc.DLL
0x00007ffffd6e0000 - 0x00007ffffd7aa000 	C:\WINDOWS\SYSTEM32\DNSAPI.dll

dbghelp: loaded successfully - version: 4.0.5 - missing functions: none
symbol engine: initialized successfully - sym options: 0x614 - pdb path: .;C:\Program Files\Android\Android Studio\jbr\bin;C:\WINDOWS\SYSTEM32;C:\WINDOWS\WinSxS\amd64_microsoft.windows.common-controls_6595b64144ccf1df_6.0.19041.3570_none_60bb2a3971f3e41a;C:\Program Files\Android\Android Studio\jbr\bin\server;C:\Users\Basit Abbasi\.gradle\native\68d5fa5c4cc2d200863cafc0d521ce42e7d3e7ee720ec0a83991735586a16f82\windows-amd64

VM Arguments:
jvm_args: -Dorg.gradle.appname=gradlew 
java_command: org.gradle.wrapper.GradleWrapperMain -q -Ptarget-platform=android-arm64 -Ptarget=D:\upwork clients\provider_flutter\provider_flutter\lib\main.dart -Pbase-application-name=android.app.Application -Pdart-defines=Zmx1dHRlci5pbnNwZWN0b3Iuc3RydWN0dXJlZEVycm9ycz10cnVl,RkxVVFRFUl9XRUJfQVVUT19ERVRFQ1Q9dHJ1ZQ==,RkxVVFRFUl9XRUJfQ0FOVkFTS0lUX1VSTD1odHRwczovL3d3dy5nc3RhdGljLmNvbS9mbHV0dGVyLWNhbnZhc2tpdC80NWY2ZTAwOTExMGRmNGYzNGVjMmNmOTlmNjNjZjczYjcxYjdhNDIwLw== -Pdart-obfuscation=false -Ptrack-widget-creation=true -Ptree-shake-icons=false -Pfilesystem-scheme=org-dartlang-root assembleDebug
java_class_path (initial): D:\upwork clients\provider_flutter\provider_flutter\android\\gradle\wrapper\gradle-wrapper.jar
Launcher Type: SUN_STANDARD

[Global flags]
     intx CICompilerCount                          = 3                                         {product} {ergonomic}
     uint ConcGCThreads                            = 1                                         {product} {ergonomic}
     uint G1ConcRefinementThreads                  = 4                                         {product} {ergonomic}
   size_t G1HeapRegionSize                         = 2097152                                   {product} {ergonomic}
    uintx GCDrainStackTargetSize                   = 64                                        {product} {ergonomic}
   size_t InitialHeapSize                          = 268435456                                 {product} {ergonomic}
   size_t MarkStackSize                            = 4194304                                   {product} {ergonomic}
   size_t MaxHeapSize                              = 4265607168                                {product} {ergonomic}
   size_t MaxNewSize                               = 2558525440                                {product} {ergonomic}
   size_t MinHeapDeltaBytes                        = 2097152                                   {product} {ergonomic}
   size_t MinHeapSize                              = 8388608                                   {product} {ergonomic}
    uintx NonNMethodCodeHeapSize                   = 5832780                                {pd product} {ergonomic}
    uintx NonProfiledCodeHeapSize                  = 122912730                              {pd product} {ergonomic}
    uintx ProfiledCodeHeapSize                     = 122912730                              {pd product} {ergonomic}
    uintx ReservedCodeCacheSize                    = 251658240                              {pd product} {ergonomic}
     bool SegmentedCodeCache                       = true                                      {product} {ergonomic}
   size_t SoftMaxHeapSize                          = 4265607168                             {manageable} {ergonomic}
     bool UseCompressedClassPointers               = true                           {product lp64_product} {ergonomic}
     bool UseCompressedOops                        = true                           {product lp64_product} {ergonomic}
     bool UseG1GC                                  = true                                      {product} {ergonomic}
     bool UseLargePagesIndividualAllocation        = false                                  {pd product} {ergonomic}

Logging:
Log output configuration:
 #0: stdout all=warning uptime,level,tags
 #1: stderr all=off uptime,level,tags

Environment Variables:
JAVA_HOME=C:\Program Files\Android\Android Studio\jbr
CLASSPATH=D:\upwork clients\provider_flutter\provider_flutter\android\\gradle\wrapper\gradle-wrapper.jar
PATH=C:\Program Files (x86)\Common Files\Oracle\Java\javapath;C:\Program Files\Intel\iCLS Client\;C:\WINDOWS\system32;C:\WINDOWS;C:\WINDOWS\System32\Wbem;C:\WINDOWS\System32\WindowsPowerShell\v1.0\;C:\WINDOWS\System32\OpenSSH\;C:\Program Files (x86)\GtkSharp\2.12\bin;C:\Program Files\Intel\WiFi\bin\;C:\Program Files\Common Files\Intel\WirelessCommon\;C:\flutter\bin;C:\Program Files\Git\cmd;C:\Program Files\dotnet\;C:\Program Files (x86)\Intel\Intel(R) Management Engine Components\DAL;C:\Program Files\Intel\Intel(R) Management Engine Components\DAL;C:\Users\Basit Abbasi\AppData\Local\Microsoft\WindowsApps;C:\Users\Basit Abbasi\.android;C:\flutter\bin;c:\Program Files\java\jdk-10.0.2\bin;;C:\flutter\bin\mingit\cmd
USERNAME=Basit Abbasi
OS=Windows_NT
PROCESSOR_IDENTIFIER=Intel64 Family 6 Model 158 Stepping 9, GenuineIntel
TMP=C:\Users\Basit Abbasi\AppData\Local\Temp
TEMP=C:\Users\Basit Abbasi\AppData\Local\Temp



---------------  S Y S T E M  ---------------

OS:
 Windows 10 , 64 bit Build 19041 (10.0.19041.3570)
OS uptime: 11 days 6:50 hours
Hyper-V role detected

CPU: total 4 (initial active 4) (4 cores per cpu, 1 threads per core) family 6 model 158 stepping 9 microcode 0xf0, cx8, cmov, fxsr, mmx, 3dnowpref, sse, sse2, sse3, ssse3, sse4.1, sse4.2, popcnt, lzcnt, tsc, tscinvbit, avx, avx2, aes, erms, clmul, bmi1, bmi2, rtm, adx, fma, vzeroupper, clflush, clflushopt, hv

Memory: 4k page, system-wide physical 16269M (1001M free)
TotalPageFile size 18317M (AvailPageFile size 117M)
current process WorkingSet (physical memory assigned to process): 87M, peak: 87M
current process commit charge ("private bytes"): 355M, peak: 355M

vm_info: OpenJDK 64-Bit Server VM (17.0.6+0-b2043.56-9586694) for windows-amd64 JRE (17.0.6+0-b2043.56-9586694), built on Feb  9 2023 20:06:20 by "androidbuild" with MS VC++ 16.10 / 16.11 (VS2019)

END.
