#
# There is insufficient memory for the Java Runtime Environment to continue.
# Native memory allocation (mmap) failed to map 65536 bytes for Failed to commit metaspace.
# Possible reasons:
#   The system is out of physical RAM or swap space
#   The process is running with CompressedOops enabled, and the Java Heap may be blocking the growth of the native heap
# Possible solutions:
#   Reduce memory load on the system
#   Increase physical memory or swap space
#   Check if swap backing store is full
#   Decrease Java heap size (-Xmx/-Xms)
#   Decrease number of Java threads
#   Decrease Java thread stack sizes (-Xss)
#   Set larger code cache with -XX:ReservedCodeCacheSize=
#   JVM is running with Unscaled Compressed Oops mode in which the Java heap is
#     placed in the first 4GB address space. The Java Heap base address is the
#     maximum limit for the native heap growth. Please use -XX:HeapBaseMinAddress
#     to set the Java Heap base and to place the Java Heap above 4GB virtual address.
# This output file may be truncated or incomplete.
#
#  Out of Memory Error (virtualSpaceNode.cpp:110), pid=7256, tid=3724
#
# JRE version: OpenJDK Runtime Environment (17.0.6) (build 17.0.6+0-b2043.56-9586694)
# Java VM: OpenJDK 64-Bit Server VM (17.0.6+0-b2043.56-9586694, mixed mode, tiered, compressed oops, compressed class ptrs, g1 gc, windows-amd64)
# No core dump will be written. Minidumps are not enabled by default on client versions of Windows
#

---------------  S U M M A R Y ------------

Command Line: --add-opens=java.base/java.util=ALL-UNNAMED --add-opens=java.base/java.lang=ALL-UNNAMED --add-opens=java.base/java.lang.invoke=ALL-UNNAMED --add-opens=java.prefs/java.util.prefs=ALL-UNNAMED --add-opens=java.base/java.nio.charset=ALL-UNNAMED --add-opens=java.base/java.net=ALL-UNNAMED --add-opens=java.base/java.util.concurrent.atomic=ALL-UNNAMED -Xmx1536M -Dfile.encoding=windows-1252 -Duser.country=US -Duser.language=en -Duser.variant org.gradle.launcher.daemon.bootstrap.GradleDaemon 7.6

Host: Intel(R) Core(TM) i5-7440HQ CPU @ 2.80GHz, 4 cores, 15G,  Windows 10 , 64 bit Build 19041 (10.0.19041.3570)
Time: Mon Nov  6 19:38:48 2023 Pakistan Standard Time elapsed time: 80.694608 seconds (0d 0h 1m 20s)

---------------  T H R E A D  ---------------

Current thread (0x0000022e2ff9f0c0):  JavaThread "Daemon worker" [_thread_in_vm, id=3724, stack(0x000000e3fce00000,0x000000e3fcf00000)]

Stack: [0x000000e3fce00000,0x000000e3fcf00000]
Native frames: (J=compiled Java code, j=interpreted, Vv=VM code, C=native code)
V  [jvm.dll+0x683b4a]
V  [jvm.dll+0x842654]
V  [jvm.dll+0x843dfe]
V  [jvm.dll+0x844463]
V  [jvm.dll+0x249b75]
V  [jvm.dll+0x83e6ab]
V  [jvm.dll+0x627fa6]
V  [jvm.dll+0x1c194e]
V  [jvm.dll+0x62a8e1]
V  [jvm.dll+0x628946]
V  [jvm.dll+0x246f6c]
V  [jvm.dll+0x6daa8d]
V  [jvm.dll+0x6db4bf]
V  [jvm.dll+0x375330]
V  [jvm.dll+0x3744a2]
V  [jvm.dll+0x374448]
V  [jvm.dll+0x569f35]
V  [jvm.dll+0x568df4]
V  [jvm.dll+0x3883a4]
V  [jvm.dll+0x387a0f]
C  0x0000022e20dca443

Java frames: (J=compiled Java code, j=interpreted, Vv=VM code)
j  org.gradle.initialization.exception.StackTraceSanitizingExceptionAnalyser.transform(Ljava/util/List;)Ljava/lang/RuntimeException;+18
j  org.gradle.internal.buildtree.DefaultBuildTreeFinishExecutor.finishBuildTree(Ljava/util/List;)Ljava/lang/RuntimeException;+29
j  org.gradle.internal.buildtree.DefaultBuildTreeLifecycleController.lambda$runBuild$5(Ljava/util/function/Supplier;)Ljava/lang/Object;+27
j  org.gradle.internal.buildtree.DefaultBuildTreeLifecycleController$$Lambda$225+0x00000001003e8248.get()Ljava/lang/Object;+8
j  org.gradle.internal.model.StateTransitionController.lambda$transition$5(Ljava/util/function/Supplier;)Lorg/gradle/internal/build/ExecutionResult;+1
j  org.gradle.internal.model.StateTransitionController$$Lambda$227+0x00000001003e86d8.get()Ljava/lang/Object;+4
j  org.gradle.internal.model.StateTransitionController.doTransition(Lorg/gradle/internal/model/StateTransitionController$State;Lorg/gradle/internal/model/StateTransitionController$State;Ljava/util/function/Supplier;)Lorg/gradle/internal/build/ExecutionResult;+24
j  org.gradle.internal.model.StateTransitionController.lambda$transition$6(Lorg/gradle/internal/model/StateTransitionController$State;Lorg/gradle/internal/model/StateTransitionController$State;Ljava/util/function/Supplier;)Ljava/lang/Object;+9
j  org.gradle.internal.model.StateTransitionController$$Lambda$226+0x00000001003e8490.create()Ljava/lang/Object;+16
j  org.gradle.internal.work.DefaultSynchronizer.withLock(Lorg/gradle/internal/Factory;)Ljava/lang/Object;+6
j  org.gradle.internal.model.StateTransitionController.transition(Lorg/gradle/internal/model/StateTransitionController$State;Lorg/gradle/internal/model/StateTransitionController$State;Ljava/util/function/Supplier;)Ljava/lang/Object;+13
j  org.gradle.internal.buildtree.DefaultBuildTreeLifecycleController.runBuild(Ljava/util/function/Supplier;)Ljava/lang/Object;+17
j  org.gradle.internal.buildtree.DefaultBuildTreeLifecycleController.scheduleAndRunTasks(Lorg/gradle/execution/EntryTaskSelector;)V+8
j  org.gradle.internal.buildtree.DefaultBuildTreeLifecycleController.scheduleAndRunTasks()V+2
j  org.gradle.tooling.internal.provider.ExecuteBuildActionRunner.run(Lorg/gradle/internal/invocation/BuildAction;Lorg/gradle/internal/buildtree/BuildTreeLifecycleController;)Lorg/gradle/internal/buildtree/BuildActionRunner$Result;+12
j  org.gradle.launcher.exec.ChainingBuildActionRunner.run(Lorg/gradle/internal/invocation/BuildAction;Lorg/gradle/internal/buildtree/BuildTreeLifecycleController;)Lorg/gradle/internal/buildtree/BuildActionRunner$Result;+34
j  org.gradle.internal.buildtree.ProblemReportingBuildActionRunner.run(Lorg/gradle/internal/invocation/BuildAction;Lorg/gradle/internal/buildtree/BuildTreeLifecycleController;)Lorg/gradle/internal/buildtree/BuildActionRunner$Result;+12
j  org.gradle.launcher.exec.BuildOutcomeReportingBuildActionRunner.run(Lorg/gradle/internal/invocation/BuildAction;Lorg/gradle/internal/buildtree/BuildTreeLifecycleController;)Lorg/gradle/internal/buildtree/BuildActionRunner$Result;+69
j  org.gradle.tooling.internal.provider.FileSystemWatchingBuildActionRunner.run(Lorg/gradle/internal/invocation/BuildAction;Lorg/gradle/internal/buildtree/BuildTreeLifecycleController;)Lorg/gradle/internal/buildtree/BuildActionRunner$Result;+331
j  org.gradle.launcher.exec.BuildCompletionNotifyingBuildActionRunner.run(Lorg/gradle/internal/invocation/BuildAction;Lorg/gradle/internal/buildtree/BuildTreeLifecycleController;)Lorg/gradle/internal/buildtree/BuildActionRunner$Result;+6
j  org.gradle.launcher.exec.RootBuildLifecycleBuildActionExecutor.lambda$execute$0(Lorg/gradle/internal/invocation/BuildAction;Lorg/gradle/internal/buildtree/BuildTreeLifecycleController;)Lorg/gradle/internal/buildtree/BuildActionRunner$Result;+6
j  org.gradle.launcher.exec.RootBuildLifecycleBuildActionExecutor$$Lambda$183+0x00000001003cab30.apply(Ljava/lang/Object;)Ljava/lang/Object;+12
j  org.gradle.composite.internal.DefaultRootBuildState.run(Ljava/util/function/Function;)Ljava/lang/Object;+87
j  org.gradle.launcher.exec.RootBuildLifecycleBuildActionExecutor.execute(Lorg/gradle/internal/invocation/BuildAction;Lorg/gradle/internal/buildtree/BuildTreeContext;)Lorg/gradle/internal/buildtree/BuildActionRunner$Result;+28
j  org.gradle.internal.buildtree.DefaultBuildTreeContext.execute(Lorg/gradle/internal/invocation/BuildAction;)Lorg/gradle/internal/buildtree/BuildActionRunner$Result;+64
j  org.gradle.launcher.exec.BuildTreeLifecycleBuildActionExecutor.lambda$execute$0(Lorg/gradle/internal/invocation/BuildAction;Lorg/gradle/internal/buildtree/BuildTreeContext;)Lorg/gradle/internal/buildtree/BuildActionRunner$Result;+2
j  org.gradle.launcher.exec.BuildTreeLifecycleBuildActionExecutor$$Lambda$110+0x00000001002a5ff0.apply(Ljava/lang/Object;)Ljava/lang/Object;+8
j  org.gradle.internal.buildtree.BuildTreeState.run(Ljava/util/function/Function;)Ljava/lang/Object;+5
j  org.gradle.launcher.exec.BuildTreeLifecycleBuildActionExecutor.execute(Lorg/gradle/internal/invocation/BuildAction;Lorg/gradle/internal/session/BuildSessionContext;)Lorg/gradle/internal/buildtree/BuildActionRunner$Result;+181
j  org.gradle.launcher.exec.RunAsBuildOperationBuildActionExecutor$3.call(Lorg/gradle/internal/operations/BuildOperationContext;)Lorg/gradle/internal/buildtree/BuildActionRunner$Result;+25
j  org.gradle.launcher.exec.RunAsBuildOperationBuildActionExecutor$3.call(Lorg/gradle/internal/operations/BuildOperationContext;)Ljava/lang/Object;+2
j  org.gradle.internal.operations.DefaultBuildOperationRunner$CallableBuildOperationWorker.execute(Lorg/gradle/internal/operations/CallableBuildOperation;Lorg/gradle/internal/operations/BuildOperationContext;)V+3
j  org.gradle.internal.operations.DefaultBuildOperationRunner$CallableBuildOperationWorker.execute(Lorg/gradle/internal/operations/BuildOperation;Lorg/gradle/internal/operations/BuildOperationContext;)V+6
j  org.gradle.internal.operations.DefaultBuildOperationRunner$2.execute(Lorg/gradle/internal/operations/BuildOperationDescriptor;Lorg/gradle/internal/operations/BuildOperationState;Lorg/gradle/internal/operations/BuildOperationState;Lorg/gradle/internal/operations/DefaultBuildOperationRunner$ReadableBuildOperationContext;Lorg/gradle/internal/operations/DefaultBuildOperationRunner$BuildOperationExecutionListener;)Lorg/gradle/internal/operations/BuildOperation;+22
j  org.gradle.internal.operations.DefaultBuildOperationRunner$2.execute(Lorg/gradle/internal/operations/BuildOperationDescriptor;Lorg/gradle/internal/operations/BuildOperationState;Lorg/gradle/internal/operations/BuildOperationState;Lorg/gradle/internal/operations/DefaultBuildOperationRunner$ReadableBuildOperationContext;Lorg/gradle/internal/operations/DefaultBuildOperationRunner$BuildOperationExecutionListener;)Ljava/lang/Object;+8
j  org.gradle.internal.operations.DefaultBuildOperationRunner.execute(Lorg/gradle/internal/operations/BuildOperationDescriptor$Builder;Lorg/gradle/internal/operations/BuildOperationState;Lorg/gradle/internal/operations/DefaultBuildOperationRunner$BuildOperationExecution;)Ljava/lang/Object;+141
j  org.gradle.internal.operations.DefaultBuildOperationRunner.execute(Lorg/gradle/internal/operations/BuildOperation;Lorg/gradle/internal/operations/BuildOperationWorker;Lorg/gradle/internal/operations/BuildOperationState;)V+18
j  org.gradle.internal.operations.DefaultBuildOperationRunner.call(Lorg/gradle/internal/operations/CallableBuildOperation;)Ljava/lang/Object;+16
j  org.gradle.internal.operations.DefaultBuildOperationExecutor.call(Lorg/gradle/internal/operations/CallableBuildOperation;)Ljava/lang/Object;+5
j  org.gradle.launcher.exec.RunAsBuildOperationBuildActionExecutor.execute(Lorg/gradle/internal/invocation/BuildAction;Lorg/gradle/internal/session/BuildSessionContext;)Lorg/gradle/internal/buildtree/BuildActionRunner$Result;+23
j  org.gradle.launcher.exec.RunAsWorkerThreadBuildActionExecutor.lambda$execute$0(Lorg/gradle/internal/invocation/BuildAction;Lorg/gradle/internal/session/BuildSessionContext;)Lorg/gradle/internal/buildtree/BuildActionRunner$Result;+6
j  org.gradle.launcher.exec.RunAsWorkerThreadBuildActionExecutor$$Lambda$109+0x000000010028d260.create()Ljava/lang/Object;+12
j  org.gradle.internal.work.DefaultWorkerLeaseService.withLocks(Ljava/util/Collection;Lorg/gradle/internal/Factory;)Ljava/lang/Object;+28
j  org.gradle.internal.work.DefaultWorkerLeaseService.runAsWorkerThread(Lorg/gradle/internal/Factory;)Ljava/lang/Object;+33
j  org.gradle.launcher.exec.RunAsWorkerThreadBuildActionExecutor.execute(Lorg/gradle/internal/invocation/BuildAction;Lorg/gradle/internal/session/BuildSessionContext;)Lorg/gradle/internal/buildtree/BuildActionRunner$Result;+12
j  org.gradle.tooling.internal.provider.continuous.ContinuousBuildActionExecutor.execute(Lorg/gradle/internal/invocation/BuildAction;Lorg/gradle/internal/session/BuildSessionContext;)Lorg/gradle/internal/buildtree/BuildActionRunner$Result;+58
j  org.gradle.tooling.internal.provider.SubscribableBuildActionExecutor.execute(Lorg/gradle/internal/invocation/BuildAction;Lorg/gradle/internal/session/BuildSessionContext;)Lorg/gradle/internal/buildtree/BuildActionRunner$Result;+30
j  org.gradle.internal.session.DefaultBuildSessionContext.execute(Lorg/gradle/internal/invocation/BuildAction;)Lorg/gradle/internal/buildtree/BuildActionRunner$Result;+64
j  org.gradle.tooling.internal.provider.BuildSessionLifecycleBuildActionExecuter$ActionImpl.apply(Lorg/gradle/internal/session/BuildSessionContext;)Lorg/gradle/launcher/exec/BuildActionResult;+6
j  org.gradle.tooling.internal.provider.BuildSessionLifecycleBuildActionExecuter$ActionImpl.apply(Ljava/lang/Object;)Ljava/lang/Object;+5
j  org.gradle.internal.session.BuildSessionState.run(Ljava/util/function/Function;)Ljava/lang/Object;+5
j  org.gradle.tooling.internal.provider.BuildSessionLifecycleBuildActionExecuter.execute(Lorg/gradle/internal/invocation/BuildAction;Lorg/gradle/launcher/exec/BuildActionParameters;Lorg/gradle/initialization/BuildRequestContext;)Lorg/gradle/launcher/exec/BuildActionResult;+95
j  org.gradle.tooling.internal.provider.BuildSessionLifecycleBuildActionExecuter.execute(Lorg/gradle/internal/invocation/BuildAction;Ljava/lang/Object;Ljava/lang/Object;)Lorg/gradle/launcher/exec/BuildActionResult;+10
j  org.gradle.tooling.internal.provider.StartParamsValidatingActionExecuter.execute(Lorg/gradle/internal/invocation/BuildAction;Lorg/gradle/launcher/exec/BuildActionParameters;Lorg/gradle/initialization/BuildRequestContext;)Lorg/gradle/launcher/exec/BuildActionResult;+177
j  org.gradle.tooling.internal.provider.StartParamsValidatingActionExecuter.execute(Lorg/gradle/internal/invocation/BuildAction;Ljava/lang/Object;Ljava/lang/Object;)Lorg/gradle/launcher/exec/BuildActionResult;+10
j  org.gradle.tooling.internal.provider.SessionFailureReportingActionExecuter.execute(Lorg/gradle/internal/invocation/BuildAction;Lorg/gradle/launcher/exec/BuildActionParameters;Lorg/gradle/initialization/BuildRequestContext;)Lorg/gradle/launcher/exec/BuildActionResult;+7
j  org.gradle.tooling.internal.provider.SessionFailureReportingActionExecuter.execute(Lorg/gradle/internal/invocation/BuildAction;Ljava/lang/Object;Ljava/lang/Object;)Lorg/gradle/launcher/exec/BuildActionResult;+10
j  org.gradle.tooling.internal.provider.SetupLoggingActionExecuter.execute(Lorg/gradle/internal/invocation/BuildAction;Lorg/gradle/launcher/exec/BuildActionParameters;Lorg/gradle/initialization/BuildRequestContext;)Lorg/gradle/launcher/exec/BuildActionResult;+50
j  org.gradle.tooling.internal.provider.SetupLoggingActionExecuter.execute(Lorg/gradle/internal/invocation/BuildAction;Ljava/lang/Object;Ljava/lang/Object;)Lorg/gradle/launcher/exec/BuildActionResult;+10
j  org.gradle.launcher.daemon.server.exec.ExecuteBuild.doBuild(Lorg/gradle/launcher/daemon/server/api/DaemonCommandExecution;Lorg/gradle/launcher/daemon/protocol/Build;)V+117
j  org.gradle.launcher.daemon.server.exec.BuildCommandOnly.execute(Lorg/gradle/launcher/daemon/server/api/DaemonCommandExecution;)V+49
j  org.gradle.launcher.daemon.server.api.DaemonCommandExecution.proceed()Z+23
j  org.gradle.launcher.daemon.server.exec.WatchForDisconnection.execute(Lorg/gradle/launcher/daemon/server/api/DaemonCommandExecution;)V+19
j  org.gradle.launcher.daemon.server.api.DaemonCommandExecution.proceed()Z+23
j  org.gradle.launcher.daemon.server.exec.ResetDeprecationLogger.execute(Lorg/gradle/launcher/daemon/server/api/DaemonCommandExecution;)V+7
j  org.gradle.launcher.daemon.server.api.DaemonCommandExecution.proceed()Z+23
j  org.gradle.launcher.daemon.server.exec.RequestStopIfSingleUsedDaemon.execute(Lorg/gradle/launcher/daemon/server/api/DaemonCommandExecution;)V+33
j  org.gradle.launcher.daemon.server.api.DaemonCommandExecution.proceed()Z+23
j  org.gradle.launcher.daemon.server.exec.ForwardClientInput$2.create()Ljava/lang/Void;+4
j  org.gradle.launcher.daemon.server.exec.ForwardClientInput$2.create()Ljava/lang/Object;+1
j  org.gradle.util.internal.Swapper.swap(Ljava/lang/Object;Lorg/gradle/internal/Factory;)Ljava/lang/Object;+21
j  org.gradle.launcher.daemon.server.exec.ForwardClientInput.execute(Lorg/gradle/launcher/daemon/server/api/DaemonCommandExecution;)V+63
j  org.gradle.launcher.daemon.server.api.DaemonCommandExecution.proceed()Z+23
j  org.gradle.launcher.daemon.server.exec.LogAndCheckHealth.execute(Lorg/gradle/launcher/daemon/server/api/DaemonCommandExecution;)V+28
j  org.gradle.launcher.daemon.server.api.DaemonCommandExecution.proceed()Z+23
j  org.gradle.launcher.daemon.server.exec.LogToClient.doBuild(Lorg/gradle/launcher/daemon/server/api/DaemonCommandExecution;Lorg/gradle/launcher/daemon/protocol/Build;)V+87
j  org.gradle.launcher.daemon.server.exec.BuildCommandOnly.execute(Lorg/gradle/launcher/daemon/server/api/DaemonCommandExecution;)V+49
j  org.gradle.launcher.daemon.server.api.DaemonCommandExecution.proceed()Z+23
j  org.gradle.launcher.daemon.server.exec.EstablishBuildEnvironment.doBuild(Lorg/gradle/launcher/daemon/server/api/DaemonCommandExecution;Lorg/gradle/launcher/daemon/protocol/Build;)V+356
j  org.gradle.launcher.daemon.server.exec.BuildCommandOnly.execute(Lorg/gradle/launcher/daemon/server/api/DaemonCommandExecution;)V+49
j  org.gradle.launcher.daemon.server.api.DaemonCommandExecution.proceed()Z+23
j  org.gradle.launcher.daemon.server.exec.StartBuildOrRespondWithBusy$1.run()V+44
j  org.gradle.launcher.daemon.server.DaemonStateCoordinator$1.run()V+4
j  org.gradle.internal.concurrent.ExecutorPolicy$CatchAndRecordFailures.onExecute(Ljava/lang/Runnable;)V+1
j  org.gradle.internal.concurrent.ManagedExecutorImpl$1.run()V+25
j  java.util.concurrent.ThreadPoolExecutor.runWorker(Ljava/util/concurrent/ThreadPoolExecutor$Worker;)V+92 java.base@17.0.6
j  java.util.concurrent.ThreadPoolExecutor$Worker.run()V+5 java.base@17.0.6
j  java.lang.Thread.run()V+11 java.base@17.0.6
v  ~StubRoutines::call_stub

---------------  P R O C E S S  ---------------

Threads class SMR info:
_java_thread_list=0x0000022e35b3dbb0, length=79, elements={
0x0000022e163a9f00, 0x0000022e2e6abee0, 0x0000022e2e6ad680, 0x0000022e2f03f7d0,
0x0000022e2f069060, 0x0000022e2f05d090, 0x0000022e2f060100, 0x0000022e2f0618a0,
0x0000022e2f071a80, 0x0000022e2f07d300, 0x0000022e2f202010, 0x0000022e2f206d00,
0x0000022e2ff9dd80, 0x0000022e2ff9e250, 0x0000022e2ff9ebf0, 0x0000022e2ff9e720,
0x0000022e2ffa1270, 0x0000022e2ffa1740, 0x0000022e2ff9f0c0, 0x0000022e2ff9f590,
0x0000022e2ff9fa60, 0x0000022e2ff9ff30, 0x0000022e2ffa0400, 0x0000022e2ffa08d0,
0x0000022e2ffa0da0, 0x0000022e318c8a40, 0x0000022e318c4bb0, 0x0000022e318ca250,
0x0000022e318c8570, 0x0000022e318c5ef0, 0x0000022e318c2ed0, 0x0000022e318c80a0,
0x0000022e318c93e0, 0x0000022e318c8f10, 0x0000022e318ca720, 0x0000022e318c3d40,
0x0000022e318c4210, 0x0000022e318c5550, 0x0000022e318c5a20, 0x0000022e318c46e0,
0x0000022e318c6d60, 0x0000022e318c33a0, 0x0000022e318c7230, 0x0000022e318c7700,
0x0000022e318c9d80, 0x0000022e318c7bd0, 0x0000022e318c98b0, 0x0000022e31ee77e0,
0x0000022e31ee8180, 0x0000022e31ee8650, 0x0000022e31ee1c70, 0x0000022e31ee5b00,
0x0000022e31ee4c90, 0x0000022e31ee12d0, 0x0000022e31ee0e00, 0x0000022e31ee17a0,
0x0000022e31ee2610, 0x0000022e31ee47c0, 0x0000022e31ee2ae0, 0x0000022e31ee2140,
0x0000022e31ee2fb0, 0x0000022e31ee3480, 0x0000022e31ee3950, 0x0000022e31ee5160,
0x0000022e31ee3e20, 0x0000022e31ee5630, 0x0000022e31ee42f0, 0x0000022e31ee5fd0,
0x0000022e31ee64a0, 0x0000022e31ee6970, 0x0000022e31ee7cb0, 0x0000022e31ee6e40,
0x0000022e31ee7310, 0x0000022e308161a0, 0x0000022e3081c1e0, 0x0000022e308179b0,
0x0000022e30817e80, 0x0000022e30817010, 0x0000022e30818820
}
_to_delete_list=0x0000022e3555bfd0, length=47, elements={
0x0000022e163a9f00, 0x0000022e2e6abee0, 0x0000022e2e6ad680, 0x0000022e2f03f7d0,
0x0000022e2f069060, 0x0000022e2f05d090, 0x0000022e2f060100, 0x0000022e2f0618a0,
0x0000022e2f071a80, 0x0000022e2f07d300, 0x0000022e2f202010, 0x0000022e2f206d00,
0x0000022e2ff9dd80, 0x0000022e2ff9e250, 0x0000022e2ff9ebf0, 0x0000022e2ff9e720,
0x0000022e2ffa1270, 0x0000022e2ffa1740, 0x0000022e2ff9f0c0, 0x0000022e2ff9f590,
0x0000022e2ff9fa60, 0x0000022e2ff9ff30, 0x0000022e2ffa0400, 0x0000022e2ffa08d0,
0x0000022e2ffa0da0, 0x0000022e318c8a40, 0x0000022e318c4bb0, 0x0000022e318ca250,
0x0000022e318c8570, 0x0000022e318c5ef0, 0x0000022e318c2ed0, 0x0000022e318c80a0,
0x0000022e318c93e0, 0x0000022e318c8f10, 0x0000022e318ca720, 0x0000022e318c3d40,
0x0000022e318c4210, 0x0000022e318c5550, 0x0000022e318c5a20, 0x0000022e318c46e0,
0x0000022e318c6d60, 0x0000022e318c33a0, 0x0000022e318c7230, 0x0000022e318c7700,
0x0000022e318c9d80, 0x0000022e318c7bd0, 0x0000022e318c98b0
}

Java Threads: ( => current thread )
  0x0000022e163a9f00 JavaThread "main" [_thread_blocked, id=13748, stack(0x000000e3fb200000,0x000000e3fb300000)]
  0x0000022e2e6abee0 JavaThread "Reference Handler" daemon [_thread_blocked, id=19356, stack(0x000000e3fb900000,0x000000e3fba00000)]
  0x0000022e2e6ad680 JavaThread "Finalizer" daemon [_thread_blocked, id=7272, stack(0x000000e3fba00000,0x000000e3fbb00000)]
  0x0000022e2f03f7d0 JavaThread "Signal Dispatcher" daemon [_thread_blocked, id=20956, stack(0x000000e3fbb00000,0x000000e3fbc00000)]
  0x0000022e2f069060 JavaThread "Attach Listener" daemon [_thread_blocked, id=9520, stack(0x000000e3fbc00000,0x000000e3fbd00000)]
  0x0000022e2f05d090 JavaThread "Service Thread" daemon [_thread_blocked, id=19788, stack(0x000000e3fbd00000,0x000000e3fbe00000)]
  0x0000022e2f060100 JavaThread "Monitor Deflation Thread" daemon [_thread_blocked, id=6512, stack(0x000000e3fbe00000,0x000000e3fbf00000)]
  0x0000022e2f0618a0 JavaThread "C2 CompilerThread0" daemon [_thread_blocked, id=11452, stack(0x000000e3fbf00000,0x000000e3fc000000)]
  0x0000022e2f071a80 JavaThread "C1 CompilerThread0" daemon [_thread_blocked, id=9356, stack(0x000000e3fc000000,0x000000e3fc100000)]
  0x0000022e2f07d300 JavaThread "Sweeper thread" daemon [_thread_blocked, id=11024, stack(0x000000e3fc100000,0x000000e3fc200000)]
  0x0000022e2f202010 JavaThread "Common-Cleaner" daemon [_thread_blocked, id=19960, stack(0x000000e3fc200000,0x000000e3fc300000)]
  0x0000022e2f206d00 JavaThread "Notification Thread" daemon [_thread_blocked, id=12844, stack(0x000000e3fc300000,0x000000e3fc400000)]
  0x0000022e2ff9dd80 JavaThread "Daemon health stats" [_thread_blocked, id=9780, stack(0x000000e3fc500000,0x000000e3fc600000)]
  0x0000022e2ff9e250 JavaThread "Incoming local TCP Connector on port 56328" [_thread_in_native, id=3956, stack(0x000000e3fc900000,0x000000e3fca00000)]
  0x0000022e2ff9ebf0 JavaThread "Daemon periodic checks" [_thread_blocked, id=20792, stack(0x000000e3fca00000,0x000000e3fcb00000)]
  0x0000022e2ff9e720 JavaThread "Daemon" [_thread_blocked, id=14024, stack(0x000000e3fcb00000,0x000000e3fcc00000)]
  0x0000022e2ffa1270 JavaThread "Handler for socket connection from /127.0.0.1:56328 to /127.0.0.1:56329" [_thread_in_native, id=17488, stack(0x000000e3fcc00000,0x000000e3fcd00000)]
  0x0000022e2ffa1740 JavaThread "Cancel handler" [_thread_blocked, id=14660, stack(0x000000e3fcd00000,0x000000e3fce00000)]
=>0x0000022e2ff9f0c0 JavaThread "Daemon worker" [_thread_in_vm, id=3724, stack(0x000000e3fce00000,0x000000e3fcf00000)]
  0x0000022e2ff9f590 JavaThread "Asynchronous log dispatcher for DefaultDaemonConnection: socket connection from /127.0.0.1:56328 to /127.0.0.1:56329" [_thread_blocked, id=11984, stack(0x000000e3fcf00000,0x000000e3fd000000)]
  0x0000022e2ff9fa60 JavaThread "Stdin handler" [_thread_blocked, id=16612, stack(0x000000e3fd000000,0x000000e3fd100000)]
  0x0000022e2ff9ff30 JavaThread "Daemon client event forwarder" [_thread_blocked, id=20320, stack(0x000000e3fd100000,0x000000e3fd200000)]
  0x0000022e2ffa0400 JavaThread "Cache worker for journal cache (C:\Users\Basit Abbasi\.gradle\caches\journal-1)" [_thread_blocked, id=10668, stack(0x000000e3fd200000,0x000000e3fd300000)]
  0x0000022e2ffa08d0 JavaThread "File lock request listener" [_thread_in_native, id=10688, stack(0x000000e3fd300000,0x000000e3fd400000)]
  0x0000022e2ffa0da0 JavaThread "Cache worker for file hash cache (C:\Users\Basit Abbasi\.gradle\caches\7.6\fileHashes)" [_thread_blocked, id=17892, stack(0x000000e3fd400000,0x000000e3fd500000)]
  0x0000022e318c8a40 JavaThread "File watcher server" daemon [_thread_in_native, id=8024, stack(0x000000e3fd500000,0x000000e3fd600000)]
  0x0000022e318c4bb0 JavaThread "File watcher consumer" daemon [_thread_blocked, id=17564, stack(0x000000e3fd600000,0x000000e3fd700000)]
  0x0000022e318ca250 JavaThread "Cache worker for checksums cache (D:\upwork clients\provider_flutter\provider_flutter\android\.gradle\7.6\checksums)" [_thread_blocked, id=7392, stack(0x000000e3fd700000,0x000000e3fd800000)]
  0x0000022e318c8570 JavaThread "Cache worker for cache directory md-rule (C:\Users\Basit Abbasi\.gradle\caches\7.6\md-rule)" [_thread_blocked, id=8520, stack(0x000000e3fd800000,0x000000e3fd900000)]
  0x0000022e318c5ef0 JavaThread "Cache worker for file content cache (C:\Users\Basit Abbasi\.gradle\caches\7.6\fileContent)" [_thread_blocked, id=12928, stack(0x000000e3fd900000,0x000000e3fda00000)]
  0x0000022e318c2ed0 JavaThread "Cache worker for file hash cache (D:\upwork clients\provider_flutter\provider_flutter\android\.gradle\7.6\fileHashes)" [_thread_blocked, id=6164, stack(0x000000e3fda00000,0x000000e3fdb00000)]
  0x0000022e318c80a0 JavaThread "Cache worker for cache directory md-supplier (C:\Users\Basit Abbasi\.gradle\caches\7.6\md-supplier)" [_thread_blocked, id=4408, stack(0x000000e3fdb00000,0x000000e3fdc00000)]
  0x0000022e318c93e0 JavaThread "Cache worker for execution history cache (C:\Users\Basit Abbasi\.gradle\caches\7.6\executionHistory)" [_thread_blocked, id=14404, stack(0x000000e3fdc00000,0x000000e3fdd00000)]
  0x0000022e318c8f10 JavaThread "jar transforms" [_thread_blocked, id=12604, stack(0x000000e3fdd00000,0x000000e3fde00000)]
  0x0000022e318ca720 JavaThread "jar transforms Thread 2" [_thread_blocked, id=6012, stack(0x000000e3fdf00000,0x000000e3fe000000)]
  0x0000022e318c3d40 JavaThread "jar transforms Thread 3" [_thread_blocked, id=20920, stack(0x000000e3fe100000,0x000000e3fe200000)]
  0x0000022e318c4210 JavaThread "jar transforms Thread 4" [_thread_blocked, id=5036, stack(0x000000e3fe000000,0x000000e3fe100000)]
  0x0000022e318c5550 JavaThread "Cache worker for dependencies-accessors (D:\upwork clients\provider_flutter\provider_flutter\android\.gradle\7.6\dependencies-accessors)" [_thread_blocked, id=20488, stack(0x000000e3fe200000,0x000000e3fe300000)]
  0x0000022e318c5a20 JavaThread "Cache worker for Build Output Cleanup Cache (D:\upwork clients\provider_flutter\provider_flutter\android\.gradle\buildOutputCleanup)" [_thread_blocked, id=16196, stack(0x000000e3fe400000,0x000000e3fe500000)]
  0x0000022e318c46e0 JavaThread "Unconstrained build operations" [_thread_blocked, id=16152, stack(0x000000e3fe600000,0x000000e3fe700000)]
  0x0000022e318c6d60 JavaThread "Unconstrained build operations Thread 2" [_thread_blocked, id=15904, stack(0x000000e3fe700000,0x000000e3fe800000)]
  0x0000022e318c33a0 JavaThread "Unconstrained build operations Thread 3" [_thread_blocked, id=20600, stack(0x000000e3fe800000,0x000000e3fe900000)]
  0x0000022e318c7230 JavaThread "Unconstrained build operations Thread 4" [_thread_blocked, id=3812, stack(0x000000e3fe900000,0x000000e3fea00000)]
  0x0000022e318c7700 JavaThread "Unconstrained build operations Thread 5" [_thread_blocked, id=4508, stack(0x000000e3fea00000,0x000000e3feb00000)]
  0x0000022e318c9d80 JavaThread "Unconstrained build operations Thread 6" [_thread_blocked, id=12724, stack(0x000000e3feb00000,0x000000e3fec00000)]
  0x0000022e318c7bd0 JavaThread "Unconstrained build operations Thread 7" [_thread_blocked, id=19104, stack(0x000000e3fec00000,0x000000e3fed00000)]
  0x0000022e318c98b0 JavaThread "Unconstrained build operations Thread 8" [_thread_blocked, id=9952, stack(0x000000e3fed00000,0x000000e3fee00000)]
  0x0000022e31ee77e0 JavaThread "Unconstrained build operations Thread 9" [_thread_blocked, id=9188, stack(0x000000e3fee00000,0x000000e3fef00000)]
  0x0000022e31ee8180 JavaThread "Unconstrained build operations Thread 10" [_thread_blocked, id=6516, stack(0x000000e3fef00000,0x000000e3ff000000)]
  0x0000022e31ee8650 JavaThread "Unconstrained build operations Thread 11" [_thread_blocked, id=11804, stack(0x000000e3ff000000,0x000000e3ff100000)]
  0x0000022e31ee1c70 JavaThread "Unconstrained build operations Thread 12" [_thread_blocked, id=15048, stack(0x000000e3ff100000,0x000000e3ff200000)]
  0x0000022e31ee5b00 JavaThread "Unconstrained build operations Thread 13" [_thread_blocked, id=6620, stack(0x000000e3ff200000,0x000000e3ff300000)]
  0x0000022e31ee4c90 JavaThread "Unconstrained build operations Thread 14" [_thread_blocked, id=3740, stack(0x000000e3ff300000,0x000000e3ff400000)]
  0x0000022e31ee12d0 JavaThread "Unconstrained build operations Thread 15" [_thread_blocked, id=5480, stack(0x000000e3ff400000,0x000000e3ff500000)]
  0x0000022e31ee0e00 JavaThread "Unconstrained build operations Thread 16" [_thread_blocked, id=13744, stack(0x000000e3ff500000,0x000000e3ff600000)]
  0x0000022e31ee17a0 JavaThread "Unconstrained build operations Thread 17" [_thread_blocked, id=10908, stack(0x000000e3ff600000,0x000000e3ff700000)]
  0x0000022e31ee2610 JavaThread "Unconstrained build operations Thread 18" [_thread_blocked, id=20356, stack(0x000000e3ff700000,0x000000e3ff800000)]
  0x0000022e31ee47c0 JavaThread "Unconstrained build operations Thread 19" [_thread_blocked, id=16052, stack(0x000000e3ff800000,0x000000e3ff900000)]
  0x0000022e31ee2ae0 JavaThread "Unconstrained build operations Thread 20" [_thread_blocked, id=4812, stack(0x000000e3ff900000,0x000000e3ffa00000)]
  0x0000022e31ee2140 JavaThread "Unconstrained build operations Thread 21" [_thread_blocked, id=12012, stack(0x000000e3ffa00000,0x000000e3ffb00000)]
  0x0000022e31ee2fb0 JavaThread "Unconstrained build operations Thread 22" [_thread_blocked, id=13628, stack(0x000000e3ffb00000,0x000000e3ffc00000)]
  0x0000022e31ee3480 JavaThread "Unconstrained build operations Thread 23" [_thread_blocked, id=21084, stack(0x000000e3ffc00000,0x000000e3ffd00000)]
  0x0000022e31ee3950 JavaThread "Unconstrained build operations Thread 24" [_thread_blocked, id=13924, stack(0x000000e3ffd00000,0x000000e3ffe00000)]
  0x0000022e31ee5160 JavaThread "Unconstrained build operations Thread 25" [_thread_blocked, id=10540, stack(0x000000e3ffe00000,0x000000e3fff00000)]
  0x0000022e31ee3e20 JavaThread "Unconstrained build operations Thread 26" [_thread_blocked, id=20224, stack(0x000000e3fff00000,0x000000e400000000)]
  0x0000022e31ee5630 JavaThread "Unconstrained build operations Thread 27" [_thread_blocked, id=16260, stack(0x000000e380000000,0x000000e380100000)]
  0x0000022e31ee42f0 JavaThread "Unconstrained build operations Thread 28" [_thread_blocked, id=3192, stack(0x000000e380100000,0x000000e380200000)]
  0x0000022e31ee5fd0 JavaThread "Unconstrained build operations Thread 29" [_thread_blocked, id=7224, stack(0x000000e380200000,0x000000e380300000)]
  0x0000022e31ee64a0 JavaThread "Unconstrained build operations Thread 30" [_thread_blocked, id=18740, stack(0x000000e380300000,0x000000e380400000)]
  0x0000022e31ee6970 JavaThread "Unconstrained build operations Thread 31" [_thread_blocked, id=15908, stack(0x000000e380400000,0x000000e380500000)]
  0x0000022e31ee7cb0 JavaThread "Unconstrained build operations Thread 32" [_thread_blocked, id=15928, stack(0x000000e380500000,0x000000e380600000)]
  0x0000022e31ee6e40 JavaThread "Unconstrained build operations Thread 33" [_thread_blocked, id=10312, stack(0x000000e380600000,0x000000e380700000)]
  0x0000022e31ee7310 JavaThread "Unconstrained build operations Thread 34" [_thread_blocked, id=4456, stack(0x000000e380700000,0x000000e380800000)]
  0x0000022e308161a0 JavaThread "Unconstrained build operations Thread 35" [_thread_blocked, id=11332, stack(0x000000e380800000,0x000000e380900000)]
  0x0000022e3081c1e0 JavaThread "Unconstrained build operations Thread 36" [_thread_blocked, id=19532, stack(0x000000e380900000,0x000000e380a00000)]
  0x0000022e308179b0 JavaThread "Unconstrained build operations Thread 37" [_thread_blocked, id=616, stack(0x000000e380a00000,0x000000e380b00000)]
  0x0000022e30817e80 JavaThread "Unconstrained build operations Thread 38" [_thread_blocked, id=9860, stack(0x000000e380b00000,0x000000e380c00000)]
  0x0000022e30817010 JavaThread "Unconstrained build operations Thread 39" [_thread_blocked, id=18240, stack(0x000000e380c00000,0x000000e380d00000)]
  0x0000022e30818820 JavaThread "Unconstrained build operations Thread 40" [_thread_blocked, id=11760, stack(0x000000e380d00000,0x000000e380e00000)]

Other Threads:
  0x0000022e2f01f040 VMThread "VM Thread" [stack: 0x000000e3fb800000,0x000000e3fb900000] [id=18616]
  0x0000022e2f121700 WatcherThread [stack: 0x000000e3fc400000,0x000000e3fc500000] [id=7820]
  0x0000022e163f82d0 GCTaskThread "GC Thread#0" [stack: 0x000000e3fb300000,0x000000e3fb400000] [id=2432]
  0x0000022e2f6cc250 GCTaskThread "GC Thread#1" [stack: 0x000000e3fc600000,0x000000e3fc700000] [id=4104]
  0x0000022e2f7e8850 GCTaskThread "GC Thread#2" [stack: 0x000000e3fc700000,0x000000e3fc800000] [id=7648]
  0x0000022e2f7e8b00 GCTaskThread "GC Thread#3" [stack: 0x000000e3fc800000,0x000000e3fc900000] [id=16160]
  0x0000022e16406130 ConcurrentGCThread "G1 Main Marker" [stack: 0x000000e3fb400000,0x000000e3fb500000] [id=14476]
  0x0000022e16406a50 ConcurrentGCThread "G1 Conc#0" [stack: 0x000000e3fb500000,0x000000e3fb600000] [id=12880]
  0x0000022e1647dd20 ConcurrentGCThread "G1 Refine#0" [stack: 0x000000e3fb600000,0x000000e3fb700000] [id=2684]
  0x0000022e32386460 ConcurrentGCThread "G1 Refine#1" [stack: 0x000000e3fde00000,0x000000e3fdf00000] [id=11648]
  0x0000022e1647e650 ConcurrentGCThread "G1 Service" [stack: 0x000000e3fb700000,0x000000e3fb800000] [id=1584]

Threads with active compile tasks:

VM state: not at safepoint (normal execution)

VM Mutex/Monitor currently owned by a thread:  ([mutex/lock_event])
[0x0000022e163a3900] Metaspace_lock - owner thread: 0x0000022e2ff9f0c0

OutOfMemory and StackOverflow Exception counts:
OutOfMemoryError java_heap_errors=1
LinkageErrors=87

Heap address: 0x00000000a0000000, size: 1536 MB, Compressed Oops mode: 32-bit

CDS archive(s) not mapped
Compressed class space mapped at: 0x0000000100000000-0x0000000140000000, reserved size: 1073741824
Narrow klass base: 0x0000000000000000, Narrow klass shift: 3, Narrow klass range: 0x140000000

GC Precious Log:
 CPUs: 4 total, 4 available
 Memory: 16269M
 Large Page Support: Disabled
 NUMA Support: Disabled
 Compressed Oops: Enabled (32-bit)
 Heap Region Size: 1M
 Heap Min Capacity: 8M
 Heap Initial Capacity: 256M
 Heap Max Capacity: 1536M
 Pre-touch: Disabled
 Parallel Workers: 4
 Concurrent Workers: 1
 Concurrent Refinement Workers: 4
 Periodic GC: Disabled

Heap:
 garbage-first heap   total 94208K, used 55395K [0x00000000a0000000, 0x0000000100000000)
  region size 1024K, 4 young (4096K), 2 survivors (2048K)
 Metaspace       used 51336K, committed 51712K, reserved 1097728K
  class space    used 6736K, committed 6912K, reserved 1048576K

Heap Regions: E=young(eden), S=young(survivor), O=old, HS=humongous(starts), HC=humongous(continues), CS=collection set, F=free, OA=open archive, CA=closed archive, TAMS=top-at-mark-start (previous, next)
|   0|0x00000000a0000000, 0x00000000a0100000, 0x00000000a0100000|100%| O|  |TAMS 0x00000000a0100000, 0x00000000a0000000| Untracked 
|   1|0x00000000a0100000, 0x00000000a0200000, 0x00000000a0200000|100%| O|  |TAMS 0x00000000a0200000, 0x00000000a0100000| Untracked 
|   2|0x00000000a0200000, 0x00000000a0300000, 0x00000000a0300000|100%|HS|  |TAMS 0x00000000a0300000, 0x00000000a0200000| Complete 
|   3|0x00000000a0300000, 0x00000000a0400000, 0x00000000a0400000|100%|HC|  |TAMS 0x00000000a0400000, 0x00000000a0300000| Complete 
|   4|0x00000000a0400000, 0x00000000a0500000, 0x00000000a0500000|100%|HC|  |TAMS 0x00000000a0500000, 0x00000000a0400000| Complete 
|   5|0x00000000a0500000, 0x00000000a0600000, 0x00000000a0600000|100%| O|  |TAMS 0x00000000a0600000, 0x00000000a0500000| Untracked 
|   6|0x00000000a0600000, 0x00000000a0700000, 0x00000000a0700000|100%| O|  |TAMS 0x00000000a0700000, 0x00000000a0600000| Untracked 
|   7|0x00000000a0700000, 0x00000000a0800000, 0x00000000a0800000|100%| O|  |TAMS 0x00000000a0800000, 0x00000000a0700000| Untracked 
|   8|0x00000000a0800000, 0x00000000a0900000, 0x00000000a0900000|100%| O|  |TAMS 0x00000000a0900000, 0x00000000a0800000| Untracked 
|   9|0x00000000a0900000, 0x00000000a0a00000, 0x00000000a0a00000|100%| O|  |TAMS 0x00000000a0a00000, 0x00000000a0900000| Untracked 
|  10|0x00000000a0a00000, 0x00000000a0a55000, 0x00000000a0b00000| 33%| O|  |TAMS 0x00000000a0a55000, 0x00000000a0a00000| Untracked 
|  11|0x00000000a0b00000, 0x00000000a0c00000, 0x00000000a0c00000|100%| O|  |TAMS 0x00000000a0c00000, 0x00000000a0b00000| Untracked 
|  12|0x00000000a0c00000, 0x00000000a0d00000, 0x00000000a0d00000|100%| O|  |TAMS 0x00000000a0d00000, 0x00000000a0c00000| Untracked 
|  13|0x00000000a0d00000, 0x00000000a0e00000, 0x00000000a0e00000|100%| O|  |TAMS 0x00000000a0e00000, 0x00000000a0d00000| Untracked 
|  14|0x00000000a0e00000, 0x00000000a0f00000, 0x00000000a0f00000|100%| O|  |TAMS 0x00000000a0f00000, 0x00000000a0e00000| Untracked 
|  15|0x00000000a0f00000, 0x00000000a1000000, 0x00000000a1000000|100%| O|  |TAMS 0x00000000a1000000, 0x00000000a0f00000| Untracked 
|  16|0x00000000a1000000, 0x00000000a1100000, 0x00000000a1100000|100%| O|  |TAMS 0x00000000a1100000, 0x00000000a1000000| Untracked 
|  17|0x00000000a1100000, 0x00000000a1200000, 0x00000000a1200000|100%| O|  |TAMS 0x00000000a1200000, 0x00000000a1100000| Untracked 
|  18|0x00000000a1200000, 0x00000000a1300000, 0x00000000a1300000|100%| O|  |TAMS 0x00000000a1300000, 0x00000000a1200000| Untracked 
|  19|0x00000000a1300000, 0x00000000a1400000, 0x00000000a1400000|100%| O|  |TAMS 0x00000000a1400000, 0x00000000a1300000| Untracked 
|  20|0x00000000a1400000, 0x00000000a1500000, 0x00000000a1500000|100%| O|  |TAMS 0x00000000a1500000, 0x00000000a1400000| Untracked 
|  21|0x00000000a1500000, 0x00000000a1600000, 0x00000000a1600000|100%| O|  |TAMS 0x00000000a1600000, 0x00000000a1500000| Untracked 
|  22|0x00000000a1600000, 0x00000000a1700000, 0x00000000a1700000|100%| O|  |TAMS 0x00000000a1700000, 0x00000000a1600000| Untracked 
|  23|0x00000000a1700000, 0x00000000a1800000, 0x00000000a1800000|100%| O|  |TAMS 0x00000000a1800000, 0x00000000a1700000| Untracked 
|  24|0x00000000a1800000, 0x00000000a1900000, 0x00000000a1900000|100%| O|  |TAMS 0x00000000a1900000, 0x00000000a1800000| Untracked 
|  25|0x00000000a1900000, 0x00000000a1a00000, 0x00000000a1a00000|100%| O|  |TAMS 0x00000000a1a00000, 0x00000000a1900000| Untracked 
|  26|0x00000000a1a00000, 0x00000000a1b00000, 0x00000000a1b00000|100%| O|  |TAMS 0x00000000a1b00000, 0x00000000a1a00000| Untracked 
|  27|0x00000000a1b00000, 0x00000000a1c00000, 0x00000000a1c00000|100%| O|  |TAMS 0x00000000a1c00000, 0x00000000a1b00000| Untracked 
|  28|0x00000000a1c00000, 0x00000000a1d00000, 0x00000000a1d00000|100%| O|  |TAMS 0x00000000a1d00000, 0x00000000a1c00000| Untracked 
|  29|0x00000000a1d00000, 0x00000000a1e00000, 0x00000000a1e00000|100%| O|  |TAMS 0x00000000a1e00000, 0x00000000a1d00000| Untracked 
|  30|0x00000000a1e00000, 0x00000000a1f00000, 0x00000000a1f00000|100%| O|  |TAMS 0x00000000a1f00000, 0x00000000a1e00000| Untracked 
|  31|0x00000000a1f00000, 0x00000000a2000000, 0x00000000a2000000|100%| O|  |TAMS 0x00000000a2000000, 0x00000000a1f00000| Untracked 
|  32|0x00000000a2000000, 0x00000000a2100000, 0x00000000a2100000|100%| O|  |TAMS 0x00000000a2100000, 0x00000000a2000000| Untracked 
|  33|0x00000000a2100000, 0x00000000a2200000, 0x00000000a2200000|100%| O|  |TAMS 0x00000000a2200000, 0x00000000a2100000| Untracked 
|  34|0x00000000a2200000, 0x00000000a2300000, 0x00000000a2300000|100%| O|  |TAMS 0x00000000a2300000, 0x00000000a2200000| Untracked 
|  35|0x00000000a2300000, 0x00000000a2400000, 0x00000000a2400000|100%| O|  |TAMS 0x00000000a2400000, 0x00000000a2300000| Untracked 
|  36|0x00000000a2400000, 0x00000000a2500000, 0x00000000a2500000|100%| O|  |TAMS 0x00000000a2500000, 0x00000000a2400000| Untracked 
|  37|0x00000000a2500000, 0x00000000a2600000, 0x00000000a2600000|100%| O|  |TAMS 0x00000000a2600000, 0x00000000a2500000| Untracked 
|  38|0x00000000a2600000, 0x00000000a2700000, 0x00000000a2700000|100%|HS|  |TAMS 0x00000000a2700000, 0x00000000a2600000| Complete 
|  39|0x00000000a2700000, 0x00000000a2800000, 0x00000000a2800000|100%|HS|  |TAMS 0x00000000a2800000, 0x00000000a2700000| Complete 
|  40|0x00000000a2800000, 0x00000000a2900000, 0x00000000a2900000|100%|HS|  |TAMS 0x00000000a2900000, 0x00000000a2800000| Complete 
|  41|0x00000000a2900000, 0x00000000a2a00000, 0x00000000a2a00000|100%| O|  |TAMS 0x00000000a2a00000, 0x00000000a2900000| Untracked 
|  42|0x00000000a2a00000, 0x00000000a2b00000, 0x00000000a2b00000|100%| O|  |TAMS 0x00000000a2afe200, 0x00000000a2a00000| Untracked 
|  43|0x00000000a2b00000, 0x00000000a2c00000, 0x00000000a2c00000|100%|HS|  |TAMS 0x00000000a2c00000, 0x00000000a2b00000| Complete 
|  44|0x00000000a2c00000, 0x00000000a2d00000, 0x00000000a2d00000|100%|HC|  |TAMS 0x00000000a2d00000, 0x00000000a2c00000| Complete 
|  45|0x00000000a2d00000, 0x00000000a2e00000, 0x00000000a2e00000|100%|HC|  |TAMS 0x00000000a2e00000, 0x00000000a2d00000| Complete 
|  46|0x00000000a2e00000, 0x00000000a2f00000, 0x00000000a2f00000|100%|HC|  |TAMS 0x00000000a2f00000, 0x00000000a2e00000| Complete 
|  47|0x00000000a2f00000, 0x00000000a3000000, 0x00000000a3000000|100%| O|  |TAMS 0x00000000a2f00000, 0x00000000a2f00000| Untracked 
|  48|0x00000000a3000000, 0x00000000a3100000, 0x00000000a3100000|100%| O|  |TAMS 0x00000000a3000000, 0x00000000a3000000| Untracked 
|  49|0x00000000a3100000, 0x00000000a31c3c00, 0x00000000a3200000| 76%| O|  |TAMS 0x00000000a3100000, 0x00000000a3100000| Untracked 
|  50|0x00000000a3200000, 0x00000000a3300000, 0x00000000a3300000|100%|HS|  |TAMS 0x00000000a3200000, 0x00000000a3200000| Complete 
|  51|0x00000000a3300000, 0x00000000a3400000, 0x00000000a3400000|100%|HC|  |TAMS 0x00000000a3300000, 0x00000000a3300000| Complete 
|  52|0x00000000a3400000, 0x00000000a3400000, 0x00000000a3500000|  0%| F|  |TAMS 0x00000000a3400000, 0x00000000a3400000| Untracked 
|  53|0x00000000a3500000, 0x00000000a3500000, 0x00000000a3600000|  0%| F|  |TAMS 0x00000000a3500000, 0x00000000a3500000| Untracked 
|  54|0x00000000a3600000, 0x00000000a3600000, 0x00000000a3700000|  0%| F|  |TAMS 0x00000000a3600000, 0x00000000a3600000| Untracked 
|  55|0x00000000a3700000, 0x00000000a3700000, 0x00000000a3800000|  0%| F|  |TAMS 0x00000000a3700000, 0x00000000a3700000| Untracked 
|  56|0x00000000a3800000, 0x00000000a3800000, 0x00000000a3900000|  0%| F|  |TAMS 0x00000000a3800000, 0x00000000a3800000| Untracked 
|  57|0x00000000a3900000, 0x00000000a3900000, 0x00000000a3a00000|  0%| F|  |TAMS 0x00000000a3900000, 0x00000000a3900000| Untracked 
|  58|0x00000000a3a00000, 0x00000000a3a00000, 0x00000000a3b00000|  0%| F|  |TAMS 0x00000000a3a00000, 0x00000000a3a00000| Untracked 
|  59|0x00000000a3b00000, 0x00000000a3b00000, 0x00000000a3c00000|  0%| F|  |TAMS 0x00000000a3b00000, 0x00000000a3b00000| Untracked 
|  60|0x00000000a3c00000, 0x00000000a3c00000, 0x00000000a3d00000|  0%| F|  |TAMS 0x00000000a3c00000, 0x00000000a3c00000| Untracked 
|  61|0x00000000a3d00000, 0x00000000a3d00000, 0x00000000a3e00000|  0%| F|  |TAMS 0x00000000a3d00000, 0x00000000a3d00000| Untracked 
|  62|0x00000000a3e00000, 0x00000000a3e00000, 0x00000000a3f00000|  0%| F|  |TAMS 0x00000000a3e00000, 0x00000000a3e00000| Untracked 
|  63|0x00000000a3f00000, 0x00000000a3f00000, 0x00000000a4000000|  0%| F|  |TAMS 0x00000000a3f00000, 0x00000000a3f00000| Untracked 
|  64|0x00000000a4000000, 0x00000000a4000000, 0x00000000a4100000|  0%| F|  |TAMS 0x00000000a4000000, 0x00000000a4000000| Untracked 
|  65|0x00000000a4100000, 0x00000000a4100000, 0x00000000a4200000|  0%| F|  |TAMS 0x00000000a4100000, 0x00000000a4100000| Untracked 
|  66|0x00000000a4200000, 0x00000000a4200000, 0x00000000a4300000|  0%| F|  |TAMS 0x00000000a4200000, 0x00000000a4200000| Untracked 
|  67|0x00000000a4300000, 0x00000000a4300000, 0x00000000a4400000|  0%| F|  |TAMS 0x00000000a4300000, 0x00000000a4300000| Untracked 
|  68|0x00000000a4400000, 0x00000000a4400000, 0x00000000a4500000|  0%| F|  |TAMS 0x00000000a4400000, 0x00000000a4400000| Untracked 
|  69|0x00000000a4500000, 0x00000000a4500000, 0x00000000a4600000|  0%| F|  |TAMS 0x00000000a4500000, 0x00000000a4500000| Untracked 
|  70|0x00000000a4600000, 0x00000000a4600000, 0x00000000a4700000|  0%| F|  |TAMS 0x00000000a4600000, 0x00000000a4600000| Untracked 
|  71|0x00000000a4700000, 0x00000000a4700000, 0x00000000a4800000|  0%| F|  |TAMS 0x00000000a4700000, 0x00000000a4700000| Untracked 
|  72|0x00000000a4800000, 0x00000000a4800000, 0x00000000a4900000|  0%| F|  |TAMS 0x00000000a4800000, 0x00000000a4800000| Untracked 
|  73|0x00000000a4900000, 0x00000000a4900000, 0x00000000a4a00000|  0%| F|  |TAMS 0x00000000a4900000, 0x00000000a4900000| Untracked 
|  74|0x00000000a4a00000, 0x00000000a4a00000, 0x00000000a4b00000|  0%| F|  |TAMS 0x00000000a4a00000, 0x00000000a4a00000| Untracked 
|  75|0x00000000a4b00000, 0x00000000a4b00000, 0x00000000a4c00000|  0%| F|  |TAMS 0x00000000a4b00000, 0x00000000a4b00000| Untracked 
|  76|0x00000000a4c00000, 0x00000000a4c00000, 0x00000000a4d00000|  0%| F|  |TAMS 0x00000000a4c00000, 0x00000000a4c00000| Untracked 
|  77|0x00000000a4d00000, 0x00000000a4d00000, 0x00000000a4e00000|  0%| F|  |TAMS 0x00000000a4d00000, 0x00000000a4d00000| Untracked 
|  78|0x00000000a4e00000, 0x00000000a4e00000, 0x00000000a4f00000|  0%| F|  |TAMS 0x00000000a4e00000, 0x00000000a4e00000| Untracked 
|  79|0x00000000a4f00000, 0x00000000a4f00000, 0x00000000a5000000|  0%| F|  |TAMS 0x00000000a4f00000, 0x00000000a4f00000| Untracked 
|  80|0x00000000a5000000, 0x00000000a5000000, 0x00000000a5100000|  0%| F|  |TAMS 0x00000000a5000000, 0x00000000a5000000| Untracked 
|  81|0x00000000a5100000, 0x00000000a5100000, 0x00000000a5200000|  0%| F|  |TAMS 0x00000000a5100000, 0x00000000a5100000| Untracked 
|  82|0x00000000a5200000, 0x00000000a5200000, 0x00000000a5300000|  0%| F|  |TAMS 0x00000000a5200000, 0x00000000a5200000| Untracked 
| 201|0x00000000ac900000, 0x00000000ac900000, 0x00000000aca00000|  0%| F|  |TAMS 0x00000000ac900000, 0x00000000ac900000| Untracked 
| 202|0x00000000aca00000, 0x00000000aca00000, 0x00000000acb00000|  0%| F|  |TAMS 0x00000000aca00000, 0x00000000aca00000| Untracked 
| 203|0x00000000acb00000, 0x00000000acb00000, 0x00000000acc00000|  0%| F|  |TAMS 0x00000000acb00000, 0x00000000acb00000| Untracked 
| 204|0x00000000acc00000, 0x00000000acd00000, 0x00000000acd00000|100%| S|CS|TAMS 0x00000000acc00000, 0x00000000acc00000| Complete 
| 205|0x00000000acd00000, 0x00000000ace00000, 0x00000000ace00000|100%| S|CS|TAMS 0x00000000acd00000, 0x00000000acd00000| Complete 
| 206|0x00000000ace00000, 0x00000000ace00000, 0x00000000acf00000|  0%| F|  |TAMS 0x00000000ace00000, 0x00000000ace00000| Untracked 
| 207|0x00000000acf00000, 0x00000000acf00000, 0x00000000ad000000|  0%| F|  |TAMS 0x00000000acf00000, 0x00000000acf00000| Untracked 
| 208|0x00000000ad000000, 0x00000000ad01cf38, 0x00000000ad100000| 11%| E|  |TAMS 0x00000000ad000000, 0x00000000ad000000| Complete 
| 255|0x00000000aff00000, 0x00000000b0000000, 0x00000000b0000000|100%| E|CS|TAMS 0x00000000aff00000, 0x00000000aff00000| Complete 

Card table byte_map: [0x0000022e28b80000,0x0000022e28e80000] _byte_map_base: 0x0000022e28680000

Marking Bits (Prev, Next): (CMBitMap*) 0x0000022e163f9800, (CMBitMap*) 0x0000022e163f9840
 Prev Bits: [0x0000022e29180000, 0x0000022e2a980000)
 Next Bits: [0x0000022e2a980000, 0x0000022e2c180000)

Polling page: 0x0000022e14220000

Metaspace:

Usage:
  Non-class:     43.55 MB used.
      Class:      6.58 MB used.
       Both:     50.13 MB used.

Virtual space:
  Non-class space:       48.00 MB reserved,      43.75 MB ( 91%) committed,  6 nodes.
      Class space:        1.00 GB reserved,       6.75 MB ( <1%) committed,  1 nodes.
             Both:        1.05 GB reserved,      50.50 MB (  5%) committed. 

Chunk freelists:
   Non-Class:  3.48 MB
       Class:  1.13 MB
        Both:  4.61 MB

MaxMetaspaceSize: unlimited
CompressedClassSpaceSize: 1.00 GB
Initial GC threshold: 21.00 MB
Current GC threshold: 84.19 MB
CDS: off
MetaspaceReclaimPolicy: balanced
 - commit_granule_bytes: 65536.
 - commit_granule_words: 8192.
 - virtual_space_node_default_size: 1048576.
 - enlarge_chunks_in_place: 1.
 - new_chunks_are_fully_committed: 0.
 - uncommit_free_chunks: 1.
 - use_allocation_guard: 0.
 - handle_deallocations: 1.


Internal statistics:

num_allocs_failed_limit: 9.
num_arena_births: 476.
num_arena_deaths: 0.
num_vsnodes_births: 7.
num_vsnodes_deaths: 0.
num_space_committed: 808.
num_space_uncommitted: 0.
num_chunks_returned_to_freelist: 9.
num_chunks_taken_from_freelist: 2091.
num_chunk_merges: 3.
num_chunk_splits: 1378.
num_chunks_enlarged: 934.
num_purges: 0.
num_inconsistent_stats: 0.

CodeHeap 'non-profiled nmethods': size=120000Kb used=3041Kb max_used=3473Kb free=116958Kb
 bounds [0x0000022e21350000, 0x0000022e216c0000, 0x0000022e28880000]
CodeHeap 'profiled nmethods': size=120000Kb used=9886Kb max_used=10761Kb free=110113Kb
 bounds [0x0000022e19880000, 0x0000022e1a310000, 0x0000022e20db0000]
CodeHeap 'non-nmethods': size=5760Kb used=2307Kb max_used=2385Kb free=3452Kb
 bounds [0x0000022e20db0000, 0x0000022e21030000, 0x0000022e21350000]
 total_blobs=6172 nmethods=5348 adapters=736
 compilation: enabled
              stopped_count=0, restarted_count=0
 full_count=0

Compilation events (20 events):
Event: 80.662 Thread 0x0000022e2f071a80 6134       3       org.gradle.internal.event.ListenerBroadcast::dispatch (9 bytes)
Event: 80.662 Thread 0x0000022e2f071a80 nmethod 6134 0x0000022e19b72590 code [0x0000022e19b72740, 0x0000022e19b72ac8]
Event: 80.662 Thread 0x0000022e2f071a80 6135       3       org.gradle.internal.event.ListenerBroadcast::dispatch (9 bytes)
Event: 80.663 Thread 0x0000022e2f071a80 nmethod 6135 0x0000022e1992d510 code [0x0000022e1992d6c0, 0x0000022e1992d888]
Event: 80.665 Thread 0x0000022e2f071a80 6136       1       java.lang.StackTraceElement::getLineNumber (5 bytes)
Event: 80.665 Thread 0x0000022e2f071a80 nmethod 6136 0x0000022e213aac10 code [0x0000022e213aada0, 0x0000022e213aae78]
Event: 80.665 Thread 0x0000022e2f071a80 6138       3       java.lang.StackTraceElement::<init> (10 bytes)
Event: 80.665 Thread 0x0000022e2f071a80 nmethod 6138 0x0000022e19c2e110 code [0x0000022e19c2e2a0, 0x0000022e19c2e418]
Event: 80.665 Thread 0x0000022e2f071a80 6139       3       java.lang.ModuleLayer::boot (4 bytes)
Event: 80.665 Thread 0x0000022e2f071a80 nmethod 6139 0x0000022e19d86c90 code [0x0000022e19d86e20, 0x0000022e19d86f18]
Event: 80.665 Thread 0x0000022e2f071a80 6141       3       java.lang.StackTraceElement::isHashedInJavaBase (31 bytes)
Event: 80.665 Thread 0x0000022e2f0618a0 6143       4       java.lang.Module::isNamed (13 bytes)
Event: 80.665 Thread 0x0000022e2f071a80 nmethod 6141 0x0000022e19b71b90 code [0x0000022e19b71d80, 0x0000022e19b72298]
Event: 80.665 Thread 0x0000022e2f071a80 6140  s!   3       java.lang.StackTraceElement::computeFormat (71 bytes)
Event: 80.666 Thread 0x0000022e2f0618a0 nmethod 6143 0x0000022e213aa910 code [0x0000022e213aaa80, 0x0000022e213aab18]
Event: 80.666 Thread 0x0000022e2f071a80 nmethod 6140 0x0000022e19d5e490 code [0x0000022e19d5e6a0, 0x0000022e19d5ef38]
Event: 80.666 Thread 0x0000022e2f071a80 6142       3       java.lang.Module::getLayer (43 bytes)
Event: 80.666 Thread 0x0000022e2f071a80 nmethod 6142 0x0000022e198b3e10 code [0x0000022e198b3fe0, 0x0000022e198b43a8]
Event: 80.666 Thread 0x0000022e2f071a80 6137       1       java.lang.StackTraceElement::getFileName (5 bytes)
Event: 80.666 Thread 0x0000022e2f071a80 nmethod 6137 0x0000022e213aa610 code [0x0000022e213aa7a0, 0x0000022e213aa878]

GC Heap History (20 events):
Event: 32.720 GC heap before
{Heap before GC invocations=13 (full 0):
 garbage-first heap   total 65536K, used 49929K [0x00000000a0000000, 0x0000000100000000)
  region size 1024K, 25 young (25600K), 3 survivors (3072K)
 Metaspace       used 44476K, committed 44864K, reserved 1089536K
  class space    used 5879K, committed 6016K, reserved 1048576K
}
Event: 32.725 GC heap after
{Heap after GC invocations=14 (full 0):
 garbage-first heap   total 65536K, used 29743K [0x00000000a0000000, 0x0000000100000000)
  region size 1024K, 4 young (4096K), 4 survivors (4096K)
 Metaspace       used 44476K, committed 44864K, reserved 1089536K
  class space    used 5879K, committed 6016K, reserved 1048576K
}
Event: 33.633 GC heap before
{Heap before GC invocations=14 (full 0):
 garbage-first heap   total 65536K, used 50223K [0x00000000a0000000, 0x0000000100000000)
  region size 1024K, 24 young (24576K), 4 survivors (4096K)
 Metaspace       used 46544K, committed 46976K, reserved 1089536K
  class space    used 6080K, committed 6272K, reserved 1048576K
}
Event: 33.639 GC heap after
{Heap after GC invocations=15 (full 0):
 garbage-first heap   total 65536K, used 32176K [0x00000000a0000000, 0x0000000100000000)
  region size 1024K, 3 young (3072K), 3 survivors (3072K)
 Metaspace       used 46544K, committed 46976K, reserved 1089536K
  class space    used 6080K, committed 6272K, reserved 1048576K
}
Event: 34.233 GC heap before
{Heap before GC invocations=15 (full 0):
 garbage-first heap   total 65536K, used 50608K [0x00000000a0000000, 0x0000000100000000)
  region size 1024K, 21 young (21504K), 3 survivors (3072K)
 Metaspace       used 48774K, committed 49152K, reserved 1097728K
  class space    used 6420K, committed 6592K, reserved 1048576K
}
Event: 34.236 GC heap after
{Heap after GC invocations=16 (full 0):
 garbage-first heap   total 65536K, used 32989K [0x00000000a0000000, 0x0000000100000000)
  region size 1024K, 2 young (2048K), 2 survivors (2048K)
 Metaspace       used 48774K, committed 49152K, reserved 1097728K
  class space    used 6420K, committed 6592K, reserved 1048576K
}
Event: 48.378 GC heap before
{Heap before GC invocations=17 (full 0):
 garbage-first heap   total 65536K, used 51421K [0x00000000a0000000, 0x0000000100000000)
  region size 1024K, 20 young (20480K), 2 survivors (2048K)
 Metaspace       used 50305K, committed 50688K, reserved 1097728K
  class space    used 6604K, committed 6784K, reserved 1048576K
}
Event: 48.382 GC heap after
{Heap after GC invocations=18 (full 0):
 garbage-first heap   total 65536K, used 35264K [0x00000000a0000000, 0x0000000100000000)
  region size 1024K, 3 young (3072K), 3 survivors (3072K)
 Metaspace       used 50305K, committed 50688K, reserved 1097728K
  class space    used 6604K, committed 6784K, reserved 1048576K
}
Event: 57.425 GC heap before
{Heap before GC invocations=18 (full 0):
 garbage-first heap   total 65536K, used 49600K [0x00000000a0000000, 0x0000000100000000)
  region size 1024K, 18 young (18432K), 3 survivors (3072K)
 Metaspace       used 50929K, committed 51328K, reserved 1097728K
  class space    used 6683K, committed 6848K, reserved 1048576K
}
Event: 57.431 GC heap after
{Heap after GC invocations=19 (full 0):
 garbage-first heap   total 65536K, used 38272K [0x00000000a0000000, 0x0000000100000000)
  region size 1024K, 3 young (3072K), 3 survivors (3072K)
 Metaspace       used 50929K, committed 51328K, reserved 1097728K
  class space    used 6683K, committed 6848K, reserved 1048576K
}
Event: 58.910 GC heap before
{Heap before GC invocations=20 (full 0):
 garbage-first heap   total 68608K, used 46464K [0x00000000a0000000, 0x0000000100000000)
  region size 1024K, 13 young (13312K), 3 survivors (3072K)
 Metaspace       used 51261K, committed 51712K, reserved 1097728K
  class space    used 6725K, committed 6912K, reserved 1048576K
}
Event: 58.914 GC heap after
{Heap after GC invocations=21 (full 0):
 garbage-first heap   total 68608K, used 39387K [0x00000000a0000000, 0x0000000100000000)
  region size 1024K, 2 young (2048K), 2 survivors (2048K)
 Metaspace       used 51261K, committed 51712K, reserved 1097728K
  class space    used 6725K, committed 6912K, reserved 1048576K
}
Event: 59.124 GC heap before
{Heap before GC invocations=22 (full 0):
 garbage-first heap   total 71680K, used 40411K [0x00000000a0000000, 0x0000000100000000)
  region size 1024K, 3 young (3072K), 2 survivors (2048K)
 Metaspace       used 51261K, committed 51712K, reserved 1097728K
  class space    used 6725K, committed 6912K, reserved 1048576K
}
Event: 59.126 GC heap after
{Heap after GC invocations=23 (full 0):
 garbage-first heap   total 71680K, used 40415K [0x00000000a0000000, 0x0000000100000000)
  region size 1024K, 2 young (2048K), 2 survivors (2048K)
 Metaspace       used 51261K, committed 51712K, reserved 1097728K
  class space    used 6725K, committed 6912K, reserved 1048576K
}
Event: 60.118 GC heap before
{Heap before GC invocations=24 (full 0):
 garbage-first heap   total 73728K, used 41439K [0x00000000a0000000, 0x0000000100000000)
  region size 1024K, 3 young (3072K), 2 survivors (2048K)
 Metaspace       used 51261K, committed 51712K, reserved 1097728K
  class space    used 6725K, committed 6912K, reserved 1048576K
}
Event: 60.119 GC heap after
{Heap after GC invocations=25 (full 0):
 garbage-first heap   total 73728K, used 42644K [0x00000000a0000000, 0x0000000100000000)
  region size 1024K, 3 young (3072K), 3 survivors (3072K)
 Metaspace       used 51261K, committed 51712K, reserved 1097728K
  class space    used 6725K, committed 6912K, reserved 1048576K
}
Event: 68.035 GC heap before
{Heap before GC invocations=26 (full 0):
 garbage-first heap   total 76800K, used 44692K [0x00000000a0000000, 0x0000000100000000)
  region size 1024K, 6 young (6144K), 3 survivors (3072K)
 Metaspace       used 51278K, committed 51712K, reserved 1097728K
  class space    used 6726K, committed 6912K, reserved 1048576K
}
Event: 68.037 GC heap after
{Heap after GC invocations=27 (full 0):
 garbage-first heap   total 76800K, used 45388K [0x00000000a0000000, 0x0000000100000000)
  region size 1024K, 2 young (2048K), 2 survivors (2048K)
 Metaspace       used 51278K, committed 51712K, reserved 1097728K
  class space    used 6726K, committed 6912K, reserved 1048576K
}
Event: 79.009 GC heap before
{Heap before GC invocations=28 (full 0):
 garbage-first heap   total 86016K, used 51532K [0x00000000a0000000, 0x0000000100000000)
  region size 1024K, 6 young (6144K), 2 survivors (2048K)
 Metaspace       used 51283K, committed 51712K, reserved 1097728K
  class space    used 6726K, committed 6912K, reserved 1048576K
}
Event: 79.010 GC heap after
{Heap after GC invocations=29 (full 0):
 garbage-first heap   total 86016K, used 52323K [0x00000000a0000000, 0x0000000100000000)
  region size 1024K, 2 young (2048K), 2 survivors (2048K)
 Metaspace       used 51283K, committed 51712K, reserved 1097728K
  class space    used 6726K, committed 6912K, reserved 1048576K
}

Dll operation events (2 events):
Event: 0.127 Loaded shared library C:\Program Files\Android\Android Studio\jbr\bin\java.dll
Event: 0.613 Loaded shared library C:\Program Files\Android\Android Studio\jbr\bin\verify.dll

Deoptimization events (20 events):
Event: 58.771 Thread 0x0000022e2ff9f0c0 DEOPT PACKING pc=0x0000022e21591c80 sp=0x000000e3fcef8a50
Event: 58.771 Thread 0x0000022e2ff9f0c0 DEOPT UNPACKING pc=0x0000022e20e069a3 sp=0x000000e3fcef8a40 mode 2
Event: 59.150 Thread 0x0000022e2ff9f0c0 DEOPT PACKING pc=0x0000022e19944a3d sp=0x000000e3fcef2680
Event: 59.150 Thread 0x0000022e2ff9f0c0 DEOPT UNPACKING pc=0x0000022e20e07143 sp=0x000000e3fcef1b08 mode 0
Event: 59.229 Thread 0x0000022e2ff9f0c0 Uncommon trap: trap_request=0xffffff45 fr.pc=0x0000022e215f58e4 relative=0x00000000000020a4
Event: 59.229 Thread 0x0000022e2ff9f0c0 Uncommon trap: reason=unstable_if action=reinterpret pc=0x0000022e215f58e4 method=java.util.zip.ZipFile.getInputStream(Ljava/util/zip/ZipEntry;)Ljava/io/InputStream; @ 101 c2
Event: 59.229 Thread 0x0000022e2ff9f0c0 DEOPT PACKING pc=0x0000022e215f58e4 sp=0x000000e3fcef2970
Event: 59.229 Thread 0x0000022e2ff9f0c0 DEOPT UNPACKING pc=0x0000022e20e069a3 sp=0x000000e3fcef2938 mode 2
Event: 63.497 Thread 0x0000022e2ff9f0c0 DEOPT PACKING pc=0x0000022e19acc889 sp=0x000000e3fcef2580
Event: 63.497 Thread 0x0000022e2ff9f0c0 DEOPT UNPACKING pc=0x0000022e20e07143 sp=0x000000e3fcef1b10 mode 0
Event: 69.989 Thread 0x0000022e2ff9f0c0 Uncommon trap: trap_request=0xffffff45 fr.pc=0x0000022e213a56d8 relative=0x0000000000002e78
Event: 69.989 Thread 0x0000022e2ff9f0c0 Uncommon trap: reason=unstable_if action=reinterpret pc=0x0000022e213a56d8 method=java.util.zip.ZipFile$Source.isMetaName([BII)Z @ 57 c2
Event: 69.989 Thread 0x0000022e2ff9f0c0 DEOPT PACKING pc=0x0000022e213a56d8 sp=0x000000e3fcef2610
Event: 69.989 Thread 0x0000022e2ff9f0c0 DEOPT UNPACKING pc=0x0000022e20e069a3 sp=0x000000e3fcef25a0 mode 2
Event: 73.445 Thread 0x0000022e2ff9f0c0 DEOPT PACKING pc=0x0000022e19947c69 sp=0x000000e3fcef2580
Event: 73.445 Thread 0x0000022e2ff9f0c0 DEOPT UNPACKING pc=0x0000022e20e07143 sp=0x000000e3fcef1b10 mode 0
Event: 78.324 Thread 0x0000022e2ff9f0c0 DEOPT PACKING pc=0x0000022e19947c69 sp=0x000000e3fcef2580
Event: 78.324 Thread 0x0000022e2ff9f0c0 DEOPT UNPACKING pc=0x0000022e20e07143 sp=0x000000e3fcef1b10 mode 0
Event: 79.110 Thread 0x0000022e2ff9f0c0 DEOPT PACKING pc=0x0000022e19947c69 sp=0x000000e3fcef2530
Event: 79.110 Thread 0x0000022e2ff9f0c0 DEOPT UNPACKING pc=0x0000022e20e07143 sp=0x000000e3fcef1ab0 mode 0

Classes unloaded (0 events):
No events

Classes redefined (0 events):
No events

Internal exceptions (20 events):
Event: 34.012 Thread 0x0000022e2ff9f0c0 Exception <a 'java/lang/NoSuchMethodError'{0x00000000a3300418}: 'java.lang.Object java.lang.invoke.DirectMethodHandle$Holder.invokeStatic(java.lang.Object, java.lang.Object, java.lang.Object, java.lang.Object, java.lang.Object, java.lang.Object, java.lang.Object, java.lang.Object, java.lang.Object, java.lang.Object, java.lang.Object, java.lang.Object, java.lang.Object, java.lang.Object, java.lang.Object, java.lang.Object, java.lang.Object)'> (0x00000000a3300418) 
thrown [s\src\hotspot\share\interpreter\lin
Event: 34.013 Thread 0x0000022e2ff9f0c0 Exception <a 'java/lang/NoSuchMethodError'{0x00000000a3328878}: 'java.lang.Object java.lang.invoke.DirectMethodHandle$Holder.invokeStatic(java.lang.Object, java.lang.Object, java.lang.Object, java.lang.Object, java.lang.Object, java.lang.Object, java.lang.Object, java.lang.Object, java.lang.Object, java.lang.Object, java.lang.Object, java.lang.Object, java.lang.Object, java.lang.Object, java.lang.Object, java.lang.Object, java.lang.Object, java.lang.Object)'> (0x00000000a3328878) 
thrown [s\src\hotspot\sha
Event: 34.015 Thread 0x0000022e2ff9f0c0 Exception <a 'java/lang/NoSuchMethodError'{0x00000000a3351410}: 'java.lang.Object java.lang.invoke.DirectMethodHandle$Holder.invokeStatic(java.lang.Object, java.lang.Object, java.lang.Object, java.lang.Object, java.lang.Object, java.lang.Object, java.lang.Object, java.lang.Object, java.lang.Object, java.lang.Object, java.lang.Object, java.lang.Object, java.lang.Object, java.lang.Object, java.lang.Object, java.lang.Object, java.lang.Object, java.lang.Object, java.lang.Object)'> (0x00000000a3351410) 
thrown 
Event: 34.016 Thread 0x0000022e2ff9f0c0 Exception <a 'java/lang/NoSuchMethodError'{0x00000000a337b4b0}: 'java.lang.Object java.lang.invoke.DirectMethodHandle$Holder.invokeStatic(java.lang.Object, java.lang.Object, java.lang.Object, java.lang.Object, java.lang.Object, java.lang.Object, java.lang.Object, java.lang.Object, java.lang.Object, java.lang.Object, java.lang.Object, java.lang.Object, java.lang.Object, java.lang.Object, java.lang.Object, java.lang.Object, java.lang.Object, java.lang.Object, java.lang.Object, java.lang.Object)'> (0x00000000
Event: 34.017 Thread 0x0000022e2ff9f0c0 Exception <a 'java/lang/NoSuchMethodError'{0x00000000a33a6368}: 'java.lang.Object java.lang.invoke.DirectMethodHandle$Holder.invokeStatic(java.lang.Object, java.lang.Object, java.lang.Object, java.lang.Object, java.lang.Object, java.lang.Object, java.lang.Object, java.lang.Object, java.lang.Object, java.lang.Object, java.lang.Object, java.lang.Object, java.lang.Object, java.lang.Object, java.lang.Object, java.lang.Object, java.lang.Object, java.lang.Object, java.lang.Object, java.lang.Object, java.lang.Obj
Event: 34.022 Thread 0x0000022e2ff9f0c0 Exception <a 'java/lang/NoSuchMethodError'{0x00000000a33d2188}: 'java.lang.Object java.lang.invoke.DirectMethodHandle$Holder.invokeStatic(java.lang.Object, java.lang.Object, java.lang.Object, java.lang.Object, java.lang.Object, java.lang.Object, java.lang.Object, java.lang.Object, java.lang.Object, java.lang.Object, java.lang.Object, java.lang.Object, java.lang.Object, java.lang.Object, java.lang.Object, java.lang.Object, java.lang.Object, java.lang.Object, java.lang.Object, java.lang.Object, java.lang.Obj
Event: 34.025 Thread 0x0000022e2ff9f0c0 Exception <a 'java/lang/NoSuchMethodError'{0x00000000a33ff478}: 'java.lang.Object java.lang.invoke.DirectMethodHandle$Holder.invokeStatic(java.lang.Object, java.lang.Object, java.lang.Object, java.lang.Object, java.lang.Object, java.lang.Object, java.lang.Object, java.lang.Object, java.lang.Object, java.lang.Object, java.lang.Object, java.lang.Object, java.lang.Object, java.lang.Object, java.lang.Object, java.lang.Object, java.lang.Object, java.lang.Object, java.lang.Object, java.lang.Object, java.lang.Obj
Event: 34.026 Thread 0x0000022e2ff9f0c0 Exception <a 'java/lang/NoSuchMethodError'{0x00000000a322e568}: 'java.lang.Object java.lang.invoke.DirectMethodHandle$Holder.invokeStatic(java.lang.Object, java.lang.Object, java.lang.Object, java.lang.Object, java.lang.Object, java.lang.Object, java.lang.Object, java.lang.Object, java.lang.Object, java.lang.Object, java.lang.Object, java.lang.Object, java.lang.Object, java.lang.Object, java.lang.Object, java.lang.Object, java.lang.Object, java.lang.Object, java.lang.Object, java.lang.Object, java.lang.Obj
Event: 36.137 Thread 0x0000022e2ff9f0c0 Exception <a 'java/lang/NoSuchMethodError'{0x00000000acb7f520}: 'int java.lang.invoke.DirectMethodHandle$Holder.invokeStatic(java.lang.Object)'> (0x00000000acb7f520) 
thrown [s\src\hotspot\share\interpreter\linkResolver.cpp, line 771]
Event: 36.137 Thread 0x0000022e2ff9f0c0 Exception <a 'java/lang/NoSuchMethodError'{0x00000000acb83910}: 'int java.lang.invoke.DirectMethodHandle$Holder.invokeStaticInit(java.lang.Object)'> (0x00000000acb83910) 
thrown [s\src\hotspot\share\interpreter\linkResolver.cpp, line 771]
Event: 36.149 Thread 0x0000022e2ff9f0c0 Exception <a 'java/lang/NoSuchMethodError'{0x00000000aca511b8}: 'java.lang.Object java.lang.invoke.DirectMethodHandle$Holder.newInvokeSpecial(java.lang.Object, java.lang.Object, java.lang.Object, java.lang.Object, java.lang.Object, int)'> (0x00000000aca511b8) 
thrown [s\src\hotspot\share\interpreter\linkResolver.cpp, line 771]
Event: 36.149 Thread 0x0000022e2ff9f0c0 Exception <a 'java/lang/NoSuchMethodError'{0x00000000aca56568}: 'java.lang.Object java.lang.invoke.DirectMethodHandle$Holder.invokeSpecial(java.lang.Object, java.lang.Object, java.lang.Object, java.lang.Object, java.lang.Object, java.lang.Object, int)'> (0x00000000aca56568) 
thrown [s\src\hotspot\share\interpreter\linkResolver.cpp, line 771]
Event: 36.153 Thread 0x0000022e2ff9f0c0 Exception <a 'java/lang/NoSuchMethodError'{0x00000000aca75ad0}: 'java.lang.Object java.lang.invoke.DirectMethodHandle$Holder.newInvokeSpecial(java.lang.Object, java.lang.Object, int)'> (0x00000000aca75ad0) 
thrown [s\src\hotspot\share\interpreter\linkResolver.cpp, line 771]
Event: 48.408 Thread 0x0000022e2ff9f0c0 Exception <a 'java/lang/NoSuchMethodError'{0x00000000affef6e0}: 'void java.lang.invoke.DirectMethodHandle$Holder.invokeStatic(java.lang.Object, java.lang.Object, java.lang.Object, int, java.lang.Object)'> (0x00000000affef6e0) 
thrown [s\src\hotspot\share\interpreter\linkResolver.cpp, line 771]
Event: 58.738 Thread 0x0000022e2ff9f0c0 Exception <a 'java/lang/ClassNotFoundException'{0x00000000aca86170}: build_bz6kbz0005r5vcced505k94s3BeanInfo> (0x00000000aca86170) 
thrown [s\src\hotspot\share\classfile\systemDictionary.cpp, line 256]
Event: 58.738 Thread 0x0000022e2ff9f0c0 Exception <a 'java/lang/ClassNotFoundException'{0x00000000aca8c948}: build_bz6kbz0005r5vcced505k94s3Customizer> (0x00000000aca8c948) 
thrown [s\src\hotspot\share\classfile\systemDictionary.cpp, line 256]
Event: 80.658 Thread 0x0000022e2ff9f0c0 Exception <a 'java/lang/OutOfMemoryError'{0x00000000affa8de0}> (0x00000000affa8de0) 
thrown [s\src\hotspot\share\prims\jni.cpp, line 536]
Event: 80.658 Thread 0x0000022e2ff9f0c0 Exception <a 'java/lang/reflect/InvocationTargetException'{0x00000000affaf7c8}> (0x00000000affaf7c8) 
thrown [s\src\hotspot\share\runtime\reflection.cpp, line 1127]
Event: 80.662 Thread 0x0000022e2ff9f0c0 Exception <a 'java/lang/reflect/InvocationTargetException'{0x00000000affddfb8}> (0x00000000affddfb8) 
thrown [s\src\hotspot\share\runtime\reflection.cpp, line 1127]
Event: 80.662 Thread 0x0000022e2ff9f0c0 Exception <a 'java/lang/reflect/InvocationTargetException'{0x00000000affdf5b0}> (0x00000000affdf5b0) 
thrown [s\src\hotspot\share\runtime\reflection.cpp, line 1127]

VM Operations (20 events):
Event: 68.113 Executing VM operation: G1Concurrent
Event: 68.113 Executing VM operation: G1Concurrent done
Event: 69.118 Executing VM operation: Cleanup
Event: 69.118 Executing VM operation: Cleanup done
Event: 75.153 Executing VM operation: Cleanup
Event: 75.153 Executing VM operation: Cleanup done
Event: 76.157 Executing VM operation: Cleanup
Event: 76.157 Executing VM operation: Cleanup done
Event: 78.175 Executing VM operation: Cleanup
Event: 78.175 Executing VM operation: Cleanup done
Event: 79.009 Executing VM operation: G1TryInitiateConcMark
Event: 79.010 Executing VM operation: G1TryInitiateConcMark done
Event: 79.060 Executing VM operation: G1Concurrent
Event: 79.062 Executing VM operation: G1Concurrent done
Event: 79.087 Executing VM operation: G1Concurrent
Event: 79.087 Executing VM operation: G1Concurrent done
Event: 80.659 Executing VM operation: HandshakeAllThreads
Event: 80.659 Executing VM operation: HandshakeAllThreads done
Event: 80.659 Executing VM operation: Cleanup
Event: 80.659 Executing VM operation: Cleanup done

Events (20 events):
Event: 48.514 Thread 0x0000022e2f07d300 flushing nmethod 0x0000022e1a1bb990
Event: 48.514 Thread 0x0000022e2f07d300 flushing nmethod 0x0000022e1a1bd590
Event: 48.514 Thread 0x0000022e2f07d300 flushing nmethod 0x0000022e1a1c3910
Event: 48.514 Thread 0x0000022e2f07d300 flushing nmethod 0x0000022e1a1cb790
Event: 48.514 Thread 0x0000022e2f07d300 flushing nmethod 0x0000022e1a1d1010
Event: 48.514 Thread 0x0000022e2f07d300 flushing nmethod 0x0000022e1a1e3a10
Event: 48.514 Thread 0x0000022e2f07d300 flushing nmethod 0x0000022e1a1e7990
Event: 48.514 Thread 0x0000022e2f07d300 flushing nmethod 0x0000022e1a23b410
Event: 48.514 Thread 0x0000022e2f07d300 flushing nmethod 0x0000022e1a246a90
Event: 48.514 Thread 0x0000022e2f07d300 flushing nmethod 0x0000022e1a27a890
Event: 48.515 Thread 0x0000022e2f07d300 flushing nmethod 0x0000022e1a2c4890
Event: 48.515 Thread 0x0000022e2f07d300 flushing nmethod 0x0000022e1a2c9610
Event: 48.515 Thread 0x0000022e2f07d300 flushing nmethod 0x0000022e1a2dec10
Event: 48.515 Thread 0x0000022e2f07d300 flushing nmethod 0x0000022e1a2e1910
Event: 66.648 loading class jdk/internal/access/foreign/MemorySegmentProxy
Event: 66.648 loading class jdk/internal/access/foreign/MemorySegmentProxy done
Event: 80.658 loading class java/util/zip/DataFormatException
Event: 80.658 loading class java/util/zip/DataFormatException done
Event: 80.664 loading class java/lang/StackTraceElement$HashedModules
Event: 80.665 loading class java/lang/StackTraceElement$HashedModules done


Dynamic libraries:
0x00007ff7538c0000 - 0x00007ff7538ca000 	C:\Program Files\Android\Android Studio\jbr\bin\java.exe
0x00007ff800bf0000 - 0x00007ff800de7000 	C:\WINDOWS\SYSTEM32\ntdll.dll
0x00007ffffec30000 - 0x00007ffffeced000 	C:\WINDOWS\System32\KERNEL32.DLL
0x00007ffffe710000 - 0x00007ffffea06000 	C:\WINDOWS\System32\KERNELBASE.dll
0x00007ffffe5a0000 - 0x00007ffffe6a0000 	C:\WINDOWS\System32\ucrtbase.dll
0x00007ffff4de0000 - 0x00007ffff4dfb000 	C:\Program Files\Android\Android Studio\jbr\bin\VCRUNTIME140.dll
0x00007ffff6060000 - 0x00007ffff6077000 	C:\Program Files\Android\Android Studio\jbr\bin\jli.dll
0x00007ff8003b0000 - 0x00007ff80054e000 	C:\WINDOWS\System32\USER32.dll
0x00007ffffe450000 - 0x00007ffffe472000 	C:\WINDOWS\System32\win32u.dll
0x00007ff800030000 - 0x00007ff80005c000 	C:\WINDOWS\System32\GDI32.dll
0x00007ffffe480000 - 0x00007ffffe59a000 	C:\WINDOWS\System32\gdi32full.dll
0x00007ffffe360000 - 0x00007ffffe3fd000 	C:\WINDOWS\System32\msvcp_win.dll
0x00007ffff1e90000 - 0x00007ffff212a000 	C:\WINDOWS\WinSxS\amd64_microsoft.windows.common-controls_6595b64144ccf1df_6.0.19041.3570_none_60bb2a3971f3e41a\COMCTL32.dll
0x00007ffffecf0000 - 0x00007ffffed8e000 	C:\WINDOWS\System32\msvcrt.dll
0x00007ff8007e0000 - 0x00007ff800810000 	C:\WINDOWS\System32\IMM32.DLL
0x00007ffff7640000 - 0x00007ffff764c000 	C:\Program Files\Android\Android Studio\jbr\bin\vcruntime140_1.dll
0x00007fffd52d0000 - 0x00007fffd535d000 	C:\Program Files\Android\Android Studio\jbr\bin\msvcp140.dll
0x00007fffb8cf0000 - 0x00007fffb995d000 	C:\Program Files\Android\Android Studio\jbr\bin\server\jvm.dll
0x00007fffffd30000 - 0x00007fffffdde000 	C:\WINDOWS\System32\ADVAPI32.dll
0x00007ff8006e0000 - 0x00007ff80077c000 	C:\WINDOWS\System32\sechost.dll
0x00007fffffec0000 - 0x00007ffffffe6000 	C:\WINDOWS\System32\RPCRT4.dll
0x00007fffe9540000 - 0x00007fffe9549000 	C:\WINDOWS\SYSTEM32\WSOCK32.dll
0x00007ff800550000 - 0x00007ff8005bb000 	C:\WINDOWS\System32\WS2_32.dll
0x00007ffff0110000 - 0x00007ffff0137000 	C:\WINDOWS\SYSTEM32\WINMM.dll
0x00007ffff5c80000 - 0x00007ffff5c8a000 	C:\WINDOWS\SYSTEM32\VERSION.dll
0x00007ffffcab0000 - 0x00007ffffcac2000 	C:\WINDOWS\SYSTEM32\kernel.appcore.dll
0x00007ffff0ff0000 - 0x00007ffff0ffa000 	C:\Program Files\Android\Android Studio\jbr\bin\jimage.dll
0x00007ffff7fe0000 - 0x00007ffff81c4000 	C:\WINDOWS\SYSTEM32\DBGHELP.DLL
0x00007fffe2cb0000 - 0x00007fffe2ce4000 	C:\WINDOWS\SYSTEM32\dbgcore.DLL
0x00007ffffea10000 - 0x00007ffffea92000 	C:\WINDOWS\System32\bcryptPrimitives.dll
0x00007fffe0380000 - 0x00007fffe03a5000 	C:\Program Files\Android\Android Studio\jbr\bin\java.dll
0x00007ffff04a0000 - 0x00007ffff04b8000 	C:\Program Files\Android\Android Studio\jbr\bin\zip.dll
0x00007ffffed90000 - 0x00007fffff4d4000 	C:\WINDOWS\System32\SHELL32.dll
0x00007ffffc300000 - 0x00007ffffca9b000 	C:\WINDOWS\SYSTEM32\windows.storage.dll
0x00007fffff9d0000 - 0x00007fffffd24000 	C:\WINDOWS\System32\combase.dll
0x00007ffffdb50000 - 0x00007ffffdb7d000 	C:\WINDOWS\SYSTEM32\Wldp.dll
0x00007ff800af0000 - 0x00007ff800b9d000 	C:\WINDOWS\System32\SHCORE.dll
0x00007ff800780000 - 0x00007ff8007d5000 	C:\WINDOWS\System32\shlwapi.dll
0x00007ffffe1f0000 - 0x00007ffffe215000 	C:\WINDOWS\SYSTEM32\profapi.dll
0x00007fffed640000 - 0x00007fffed659000 	C:\Program Files\Android\Android Studio\jbr\bin\net.dll
0x00007ffff6fd0000 - 0x00007ffff70da000 	C:\WINDOWS\SYSTEM32\WINHTTP.dll
0x00007ffffd930000 - 0x00007ffffd99a000 	C:\WINDOWS\system32\mswsock.dll
0x00007fffe9070000 - 0x00007fffe9086000 	C:\Program Files\Android\Android Studio\jbr\bin\nio.dll
0x00007ffff0dd0000 - 0x00007ffff0de0000 	C:\Program Files\Android\Android Studio\jbr\bin\verify.dll
0x00007fffdf340000 - 0x00007fffdf367000 	C:\Users\Basit Abbasi\.gradle\native\68d5fa5c4cc2d200863cafc0d521ce42e7d3e7ee720ec0a83991735586a16f82\windows-amd64\native-platform.dll
0x00007fffcb350000 - 0x00007fffcb494000 	C:\Users\Basit Abbasi\.gradle\native\e376f236ea51e6404a007f0833ffe2c6e607c4080706a723a18a27aeea778392\windows-amd64\native-platform-file-events.dll
0x00007ffff3be0000 - 0x00007ffff3be9000 	C:\Program Files\Android\Android Studio\jbr\bin\management.dll
0x00007ffff0e40000 - 0x00007ffff0e4b000 	C:\Program Files\Android\Android Studio\jbr\bin\management_ext.dll
0x00007ff800ba0000 - 0x00007ff800ba8000 	C:\WINDOWS\System32\PSAPI.DLL
0x00007ffffdcf0000 - 0x00007ffffdd08000 	C:\WINDOWS\SYSTEM32\CRYPTSP.dll
0x00007ffffd260000 - 0x00007ffffd294000 	C:\WINDOWS\system32\rsaenh.dll
0x00007ffffec00000 - 0x00007ffffec27000 	C:\WINDOWS\System32\bcrypt.dll
0x00007ffffe100000 - 0x00007ffffe12e000 	C:\WINDOWS\SYSTEM32\USERENV.dll
0x00007ffffdac0000 - 0x00007ffffdacc000 	C:\WINDOWS\SYSTEM32\CRYPTBASE.dll
0x00007ffffd640000 - 0x00007ffffd67b000 	C:\WINDOWS\SYSTEM32\IPHLPAPI.DLL
0x00007ff800940000 - 0x00007ff800948000 	C:\WINDOWS\System32\NSI.dll
0x00007ffff6d30000 - 0x00007ffff6d47000 	C:\WINDOWS\SYSTEM32\dhcpcsvc6.DLL
0x00007ffff7170000 - 0x00007ffff718d000 	C:\WINDOWS\SYSTEM32\dhcpcsvc.DLL
0x00007ffffd6e0000 - 0x00007ffffd7aa000 	C:\WINDOWS\SYSTEM32\DNSAPI.dll
0x00007fff9ca40000 - 0x00007fff9ca47000 	C:\WINDOWS\system32\wshunix.dll

dbghelp: loaded successfully - version: 4.0.5 - missing functions: none
symbol engine: initialized successfully - sym options: 0x614 - pdb path: .;C:\Program Files\Android\Android Studio\jbr\bin;C:\WINDOWS\SYSTEM32;C:\WINDOWS\WinSxS\amd64_microsoft.windows.common-controls_6595b64144ccf1df_6.0.19041.3570_none_60bb2a3971f3e41a;C:\Program Files\Android\Android Studio\jbr\bin\server;C:\Users\Basit Abbasi\.gradle\native\68d5fa5c4cc2d200863cafc0d521ce42e7d3e7ee720ec0a83991735586a16f82\windows-amd64;C:\Users\Basit Abbasi\.gradle\native\e376f236ea51e6404a007f0833ffe2c6e607c4080706a723a18a27aeea778392\windows-amd64

VM Arguments:
jvm_args: --add-opens=java.base/java.util=ALL-UNNAMED --add-opens=java.base/java.lang=ALL-UNNAMED --add-opens=java.base/java.lang.invoke=ALL-UNNAMED --add-opens=java.prefs/java.util.prefs=ALL-UNNAMED --add-opens=java.base/java.nio.charset=ALL-UNNAMED --add-opens=java.base/java.net=ALL-UNNAMED --add-opens=java.base/java.util.concurrent.atomic=ALL-UNNAMED -Xmx1536M -Dfile.encoding=windows-1252 -Duser.country=US -Duser.language=en -Duser.variant 
java_command: org.gradle.launcher.daemon.bootstrap.GradleDaemon 7.6
java_class_path (initial): C:\Users\Basit Abbasi\.gradle\wrapper\dists\gradle-7.6-all\9f832ih6bniajn45pbmqhk2cw\gradle-7.6\lib\gradle-launcher-7.6.jar
Launcher Type: SUN_STANDARD

[Global flags]
     intx CICompilerCount                          = 3                                         {product} {ergonomic}
     uint ConcGCThreads                            = 1                                         {product} {ergonomic}
     uint G1ConcRefinementThreads                  = 4                                         {product} {ergonomic}
   size_t G1HeapRegionSize                         = 1048576                                   {product} {ergonomic}
    uintx GCDrainStackTargetSize                   = 64                                        {product} {ergonomic}
   size_t InitialHeapSize                          = 268435456                                 {product} {ergonomic}
   size_t MarkStackSize                            = 4194304                                   {product} {ergonomic}
   size_t MaxHeapSize                              = 1610612736                                {product} {command line}
   size_t MaxNewSize                               = 965738496                                 {product} {ergonomic}
   size_t MinHeapDeltaBytes                        = 1048576                                   {product} {ergonomic}
   size_t MinHeapSize                              = 8388608                                   {product} {ergonomic}
    uintx NonNMethodCodeHeapSize                   = 5832780                                {pd product} {ergonomic}
    uintx NonProfiledCodeHeapSize                  = 122912730                              {pd product} {ergonomic}
    uintx ProfiledCodeHeapSize                     = 122912730                              {pd product} {ergonomic}
    uintx ReservedCodeCacheSize                    = 251658240                              {pd product} {ergonomic}
     bool SegmentedCodeCache                       = true                                      {product} {ergonomic}
   size_t SoftMaxHeapSize                          = 1610612736                             {manageable} {ergonomic}
     bool UseCompressedClassPointers               = true                           {product lp64_product} {ergonomic}
     bool UseCompressedOops                        = true                           {product lp64_product} {ergonomic}
     bool UseG1GC                                  = true                                      {product} {ergonomic}
     bool UseLargePagesIndividualAllocation        = false                                  {pd product} {ergonomic}

Logging:
Log output configuration:
 #0: stdout all=warning uptime,level,tags
 #1: stderr all=off uptime,level,tags

Environment Variables:
JAVA_HOME=C:\Program Files\Android\Android Studio\jbr
CLASSPATH=D:\upwork clients\provider_flutter\provider_flutter\android\\gradle\wrapper\gradle-wrapper.jar
PATH=C:\Program Files (x86)\Common Files\Oracle\Java\javapath;C:\Program Files\Intel\iCLS Client\;C:\WINDOWS\system32;C:\WINDOWS;C:\WINDOWS\System32\Wbem;C:\WINDOWS\System32\WindowsPowerShell\v1.0\;C:\WINDOWS\System32\OpenSSH\;C:\Program Files (x86)\GtkSharp\2.12\bin;C:\Program Files\Intel\WiFi\bin\;C:\Program Files\Common Files\Intel\WirelessCommon\;C:\flutter\bin;C:\Program Files\Git\cmd;C:\Program Files\dotnet\;C:\Program Files (x86)\Intel\Intel(R) Management Engine Components\DAL;C:\Program Files\Intel\Intel(R) Management Engine Components\DAL;C:\Users\Basit Abbasi\AppData\Local\Microsoft\WindowsApps;C:\Users\Basit Abbasi\.android;C:\flutter\bin;c:\Program Files\java\jdk-10.0.2\bin;;C:\flutter\bin\mingit\cmd
USERNAME=Basit Abbasi
OS=Windows_NT
PROCESSOR_IDENTIFIER=Intel64 Family 6 Model 158 Stepping 9, GenuineIntel
TMP=C:\Users\Basit Abbasi\AppData\Local\Temp
TEMP=C:\Users\Basit Abbasi\AppData\Local\Temp



---------------  S Y S T E M  ---------------

OS:
 Windows 10 , 64 bit Build 19041 (10.0.19041.3570)
OS uptime: 11 days 6:50 hours
Hyper-V role detected

CPU: total 4 (initial active 4) (4 cores per cpu, 1 threads per core) family 6 model 158 stepping 9 microcode 0xf0, cx8, cmov, fxsr, mmx, 3dnowpref, sse, sse2, sse3, ssse3, sse4.1, sse4.2, popcnt, lzcnt, tsc, tscinvbit, avx, avx2, aes, erms, clmul, bmi1, bmi2, rtm, adx, fma, vzeroupper, clflush, clflushopt, hv

Memory: 4k page, system-wide physical 16269M (1025M free)
TotalPageFile size 18317M (AvailPageFile size 117M)
current process WorkingSet (physical memory assigned to process): 206M, peak: 230M
current process commit charge ("private bytes"): 263M, peak: 373M

vm_info: OpenJDK 64-Bit Server VM (17.0.6+0-b2043.56-9586694) for windows-amd64 JRE (17.0.6+0-b2043.56-9586694), built on Feb  9 2023 20:06:20 by "androidbuild" with MS VC++ 16.10 / 16.11 (VS2019)

END.
